#
# A fatal error has been detected by the Java Runtime Environment:
#
#  SIGSEGV (0xb) at pc=0x00007faa392de705, pid=19870, tid=140368929249024
#
# JRE version: Java(TM) SE Runtime Environment (7.0_45-b18) (build 1.7.0_45-b18)
# Java VM: Java HotSpot(TM) 64-Bit Server VM (24.45-b08 mixed mode linux-amd64 compressed oops)
# Problematic frame:
# V  [libjvm.so+0x5b3705]  instanceKlass::oop_follow_contents(ParCompactionManager*, oopDesc*)+0x2c5
#
# Failed to write core dump. Core dumps have been disabled. To enable core dumping, try "ulimit -c unlimited" before starting Java again
#
# If you would like to submit a bug report, please visit:
#   http://bugreport.sun.com/bugreport/crash.jsp
#

---------------  T H R E A D  ---------------

Current thread (0x00007faa34025800):  GCTaskThread [stack: 0x00007faa301a5000,0x00007faa302a6000] [id=19876]

siginfo:si_signo=SIGSEGV: si_errno=0, si_code=128 (), si_addr=0x0000000000000000

Registers:
RAX=0x00007faa2e115000, RBX=0x00000000c43b4ca8, RCX=0x000000000000003e, RDX=0x007fffffffba96f4
RSP=0x00007faa302a48f0, RBP=0x00007faa302a4950, RSI=0x0000000000000000, RDI=0x0000000000000000
R8 =0x4000000000000000, R9 =0x0000000000000006, R10=0x000000000000000b, R11=0x00007faa39b62a60
R12=0x00007faa39b66ac0, R13=0x00000000340de9f0, R14=0x00007faa34025c50, R15=0x00007faa34067070
RIP=0x00007faa392de705, EFLAGS=0x0000000000010206, CSGSFS=0x0000000000000033, ERR=0x0000000000000000
  TRAPNO=0x000000000000000d

Top of Stack: (sp=0x00007faa302a48f0)
0x00007faa302a48f0:   00000000c43b4c90 00000000bee15c80
0x00007faa302a4900:   00000000bee15c88 00000000c43b4cf0
0x00007faa302a4910:   00000000bf1464f0 00007faa340670b0
0x00007faa302a4920:   00007faa39b66ac0 00000000c43b4c90
0x00007faa302a4930:   00007faa39b62a60 00007faa39b58e58
0x00007faa302a4940:   00007faa34025c50 00007faa34067070
0x00007faa302a4950:   00007faa302a49b0 00007faa392f53bc
0x00007faa302a4960:   00007faa39b66ac0 000000000000000b
0x00007faa302a4970:   00007faa302a49b0 00007faa394e8aa2
0x00007faa302a4980:   00007faa340670b0 00007faa34067070
0x00007faa302a4990:   00007faa39b62a60 00007faa39b58e58
0x00007faa302a49a0:   00007faa34025c50 00007faa34067080
0x00007faa302a49b0:   00007faa302a4aa0 00007faa395923ec
0x00007faa302a49c0:   00007faa34067980 00007faa302a4a10
0x00007faa302a49d0:   00007faa302a4a20 00007faa302a4a00
0x00007faa302a49e0:   00007faa302a4a40 00007faa302a4a50
0x00007faa302a49f0:   00007faa340670b0 00007faa34067130
0x00007faa302a4a00:   00007faa302a4a70 00007faa3a37e4a4
0x00007faa302a4a10:   0000000000000000 00007faa34026a50
0x00007faa302a4a20:   00007faa34025800 000000000000018e
0x00007faa302a4a30:   0000000000000001 00007faa34026a00
0x00007faa302a4a40:   00000000c438a4b0 00007faa34067070
0x00007faa302a4a50:   00007faa302a4a80 00007faa3959f45e
0x00007faa302a4a60:   00000000beea4970 00007faa34067070
0x00007faa302a4a70:   00007faa302a4aa0 00007faa34027a50
0x00007faa302a4a80:   00007faa34067070 0000000000000001
0x00007faa302a4a90:   00007faa34025c50 00007faa3972de28
0x00007faa302a4aa0:   00007faa302a4b30 00007faa39579a68
0x00007faa302a4ab0:   00007faa3401f640 00007faa34025800
0x00007faa302a4ac0:   0000000000000001 00007faa3401f5c0
0x00007faa302a4ad0:   0000000000000003 00007faa39539c69
0x00007faa302a4ae0:   00007faa39b1a090 00007faa34027a00 

Instructions: (pc=0x00007faa392de705)
0x00007faa392de6e5:   89 c1 49 8b 44 24 30 49 d3 e8 4c 89 c2 44 89 c1
0x00007faa392de6f5:   41 b8 01 00 00 00 83 e1 3f 48 c1 ea 06 49 d3 e0
0x00007faa392de705:   4c 85 04 d0 75 8d 48 8b 05 4e 50 84 00 80 38 00
0x00007faa392de715:   0f 85 05 02 00 00 49 8b 45 08 48 8d 70 10 4c 89 

Register to memory mapping:

RAX=0x00007faa2e115000 is an unknown value
RBX=0x00000000c43b4ca8 is pointing into object: 0x00000000c43b4c90
java.lang.Class 
 - klass: 'java/lang/Class'
RCX=0x000000000000003e is an unknown value
RDX=0x007fffffffba96f4 is an unknown value
RSP=0x00007faa302a48f0 is an unknown value
RBP=0x00007faa302a4950 is an unknown value
RSI=0x0000000000000000 is an unknown value
RDI=0x0000000000000000 is an unknown value
R8 =0x4000000000000000 is an unknown value
R9 =0x0000000000000006 is an unknown value
R10=0x000000000000000b is an unknown value
R11=0x00007faa39b62a60: <offset 0xe37a60> in /usr/lib/jvm/java-7-oracle-amd64/jre/lib/amd64/server/libjvm.so at 0x00007faa38d2b000
R12=0x00007faa39b66ac0: <offset 0xe3bac0> in /usr/lib/jvm/java-7-oracle-amd64/jre/lib/amd64/server/libjvm.so at 0x00007faa38d2b000
R13=0x00000000340de9f0 is an unknown value
R14=0x00007faa34025c50 is an unknown value
R15=0x00007faa34067070 is an unknown value


Stack: [0x00007faa301a5000,0x00007faa302a6000],  sp=0x00007faa302a48f0,  free space=1022k
Native frames: (J=compiled Java code, j=interpreted, Vv=VM code, C=native code)
V  [libjvm.so+0x5b3705]  instanceKlass::oop_follow_contents(ParCompactionManager*, oopDesc*)+0x2c5
V  [libjvm.so+0x5ca3bc]  instanceMirrorKlass::oop_follow_contents(ParCompactionManager*, oopDesc*)+0x1c
V  [libjvm.so+0x8673ec]  ParCompactionManager::follow_marking_stacks()+0x1ec
V  [libjvm.so+0x84ea68]  MarkFromRootsTask::do_it(GCTaskManager*, unsigned int)+0x78
V  [libjvm.so+0x550f8f]  GCTaskThread::run()+0x12f
V  [libjvm.so+0x815288]  java_start(Thread*)+0x108


---------------  P R O C E S S  ---------------

Java Threads: ( => current thread )
  0x00007faa36a10000 JavaThread "AWT-EventQueue-0" [_thread_blocked, id=19898, stack(0x00007fa9f8247000,0x00007fa9f8348000)]
  0x00007faa36a0f000 JavaThread "AWT-Shutdown" [_thread_blocked, id=19897, stack(0x00007fa9f8348000,0x00007fa9f8449000)]
  0x00007faa369e4000 JavaThread "AWT-XAWT" daemon [_thread_in_native, id=19896, stack(0x00007fa9f8449000,0x00007fa9f854a000)]
  0x00007faa369bc000 JavaThread "Java2D Disposer" daemon [_thread_blocked, id=19895, stack(0x00007fa9f895a000,0x00007fa9f8a5b000)]
  0x00007faa34096800 JavaThread "Service Thread" daemon [_thread_blocked, id=19886, stack(0x00007faa2c03f000,0x00007faa2c140000)]
  0x00007faa34094800 JavaThread "C2 CompilerThread1" daemon [_thread_blocked, id=19885, stack(0x00007faa2c140000,0x00007faa2c241000)]
  0x00007faa34091800 JavaThread "C2 CompilerThread0" daemon [_thread_blocked, id=19884, stack(0x00007faa2c241000,0x00007faa2c342000)]
  0x00007faa34087000 JavaThread "Signal Dispatcher" daemon [_thread_blocked, id=19883, stack(0x00007faa2c342000,0x00007faa2c443000)]
  0x00007faa34070000 JavaThread "Finalizer" daemon [_thread_blocked, id=19882, stack(0x00007faa2c9bf000,0x00007faa2cac0000)]
  0x00007faa3406c000 JavaThread "Reference Handler" daemon [_thread_blocked, id=19881, stack(0x00007faa2cac0000,0x00007faa2cbc1000)]
  0x00007faa3400a000 JavaThread "main" [_thread_blocked, id=19872, stack(0x00007faa3a682000,0x00007faa3a783000)]

Other Threads:
  0x00007faa34069800 VMThread [stack: 0x00007faa2cbc1000,0x00007faa2ccc2000] [id=19880]
  0x00007faa340a1000 WatcherThread [stack: 0x00007faa07eff000,0x00007faa08000000] [id=19887]

=>0x00007faa34025800 (exited) GCTaskThread [stack: 0x00007faa301a5000,0x00007faa302a6000] [id=19876]

VM state:at safepoint (normal execution)

VM Mutex/Monitor currently owned by a thread:  ([mutex/lock_event])
[0x00007faa340064d0] Threads_lock - owner thread: 0x00007faa34069800
[0x00007faa340069d0] Heap_lock - owner thread: 0x00007faa36a10000

Heap
 PSYoungGen      total 18944K, used 96K [0x00000000ec000000, 0x00000000edc00000, 0x0000000100000000)
  eden space 18432K, 0% used [0x00000000ec000000,0x00000000ec000000,0x00000000ed200000)
  from space 512K, 18% used [0x00000000edb00000,0x00000000edb18000,0x00000000edb80000)
  to   space 512K, 0% used [0x00000000edb80000,0x00000000edb80000,0x00000000edc00000)
 ParOldGen       total 40960K, used 39153K [0x00000000c4000000, 0x00000000c6800000, 0x00000000ec000000)
  object space 40960K, 95% used [0x00000000c4000000,0x00000000c663c438,0x00000000c6800000)
 PSPermGen       total 21504K, used 8059K [0x00000000bee00000, 0x00000000c0300000, 0x00000000c4000000)
  object space 21504K, 37% used [0x00000000bee00000,0x00000000bf5defe0,0x00000000c0300000)

Card table byte_map: [0x00007faa305a9000,0x00007faa307b3000] byte_map_base: 0x00007faa2ffb2000

Polling page: 0x00007faa3a7af000

Code Cache  [0x00007faa307b3000, 0x00007faa30a23000, 0x00007faa337b3000)
 total_blobs=458 nmethods=60 adapters=352 free_code_cache=48552Kb largest_free_block=49700800

Compilation events (10 events):
Event: 64,576 Thread 0x00007faa34094800   56             java.awt.Component::getParent_NoClientCode (5 bytes)
Event: 64,576 Thread 0x00007faa34094800 nmethod 56 0x00007faa3083d950 code [0x00007faa3083da80, 0x00007faa3083dad8]
Event: 64,710 Thread 0x00007faa34091800   57             java.awt.Component::getParent (5 bytes)
Event: 64,710 Thread 0x00007faa34091800 nmethod 57 0x00007faa30844a90 code [0x00007faa30844bc0, 0x00007faa30844c18]
Event: 67,841 Thread 0x00007faa34094800   58             java.lang.Integer::stringSize (21 bytes)
Event: 67,843 Thread 0x00007faa34094800 nmethod 58 0x00007faa3084a090 code [0x00007faa3084a1c0, 0x00007faa3084a2b8]
Event: 67,873 Thread 0x00007faa34091800   59             java.lang.Integer::getChars (131 bytes)
Event: 67,883 Thread 0x00007faa34091800 nmethod 59 0x00007faa3084aa90 code [0x00007faa3084ac00, 0x00007faa3084b158]
Event: 68,014 Thread 0x00007faa34094800   60             org.openni.PixelFormat::fromNative (61 bytes)
Event: 68,018 Thread 0x00007faa34094800 nmethod 60 0x00007faa3084a610 code [0x00007faa3084a760, 0x00007faa3084a918]

GC Heap History (10 events):
Event: 67,047 GC heap after
Heap after GC invocations=111 (full 0):
 PSYoungGen      total 18944K, used 96K [0x00000000ec000000, 0x00000000edc00000, 0x0000000100000000)
  eden space 18432K, 0% used [0x00000000ec000000,0x00000000ec000000,0x00000000ed200000)
  from space 512K, 18% used [0x00000000edb00000,0x00000000edb18000,0x00000000edb80000)
  to   space 512K, 0% used [0x00000000edb80000,0x00000000edb80000,0x00000000edc00000)
 ParOldGen       total 40960K, used 29520K [0x00000000c4000000, 0x00000000c6800000, 0x00000000ec000000)
  object space 40960K, 72% used [0x00000000c4000000,0x00000000c5cd43b8,0x00000000c6800000)
 PSPermGen       total 21504K, used 8059K [0x00000000bee00000, 0x00000000c0300000, 0x00000000c4000000)
  object space 21504K, 37% used [0x00000000bee00000,0x00000000bf5defe0,0x00000000c0300000)
}
Event: 67,407 GC heap before
{Heap before GC invocations=112 (full 0):
 PSYoungGen      total 18944K, used 18021K [0x00000000ec000000, 0x00000000edc00000, 0x0000000100000000)
  eden space 18432K, 97% used [0x00000000ec000000,0x00000000ed181650,0x00000000ed200000)
  from space 512K, 18% used [0x00000000edb00000,0x00000000edb18000,0x00000000edb80000)
  to   space 512K, 0% used [0x00000000edb80000,0x00000000edb80000,0x00000000edc00000)
 ParOldGen       total 40960K, used 29520K [0x00000000c4000000, 0x00000000c6800000, 0x00000000ec000000)
  object space 40960K, 72% used [0x00000000c4000000,0x00000000c5cd43b8,0x00000000c6800000)
 PSPermGen       total 21504K, used 8059K [0x00000000bee00000, 0x00000000c0300000, 0x00000000c4000000)
  object space 21504K, 37% used [0x00000000bee00000,0x00000000bf5defe0,0x00000000c0300000)
Event: 67,409 GC heap after
Heap after GC invocations=112 (full 0):
 PSYoungGen      total 18944K, used 96K [0x00000000ec000000, 0x00000000edc00000, 0x0000000100000000)
  eden space 18432K, 0% used [0x00000000ec000000,0x00000000ec000000,0x00000000ed200000)
  from space 512K, 18% used [0x00000000edb80000,0x00000000edb98000,0x00000000edc00000)
  to   space 512K, 0% used [0x00000000edb00000,0x00000000edb00000,0x00000000edb80000)
 ParOldGen       total 40960K, used 31928K [0x00000000c4000000, 0x00000000c6800000, 0x00000000ec000000)
  object space 40960K, 77% used [0x00000000c4000000,0x00000000c5f2e3d8,0x00000000c6800000)
 PSPermGen       total 21504K, used 8059K [0x00000000bee00000, 0x00000000c0300000, 0x00000000c4000000)
  object space 21504K, 37% used [0x00000000bee00000,0x00000000bf5defe0,0x00000000c0300000)
}
Event: 67,741 GC heap before
{Heap before GC invocations=113 (full 0):
 PSYoungGen      total 18944K, used 17652K [0x00000000ec000000, 0x00000000edc00000, 0x0000000100000000)
  eden space 18432K, 95% used [0x00000000ec000000,0x00000000ed125360,0x00000000ed200000)
  from space 512K, 18% used [0x00000000edb80000,0x00000000edb98000,0x00000000edc00000)
  to   space 512K, 0% used [0x00000000edb00000,0x00000000edb00000,0x00000000edb80000)
 ParOldGen       total 40960K, used 31928K [0x00000000c4000000, 0x00000000c6800000, 0x00000000ec000000)
  object space 40960K, 77% used [0x00000000c4000000,0x00000000c5f2e3d8,0x00000000c6800000)
 PSPermGen       total 21504K, used 8059K [0x00000000bee00000, 0x00000000c0300000, 0x00000000c4000000)
  object space 21504K, 37% used [0x00000000bee00000,0x00000000bf5defe0,0x00000000c0300000)
Event: 67,743 GC heap after
Heap after GC invocations=113 (full 0):
 PSYoungGen      total 18944K, used 96K [0x00000000ec000000, 0x00000000edc00000, 0x0000000100000000)
  eden space 18432K, 0% used [0x00000000ec000000,0x00000000ec000000,0x00000000ed200000)
  from space 512K, 18% used [0x00000000edb00000,0x00000000edb18000,0x00000000edb80000)
  to   space 512K, 0% used [0x00000000edb80000,0x00000000edb80000,0x00000000edc00000)
 ParOldGen       total 40960K, used 34336K [0x00000000c4000000, 0x00000000c6800000, 0x00000000ec000000)
  object space 40960K, 83% used [0x00000000c4000000,0x00000000c61883f8,0x00000000c6800000)
 PSPermGen       total 21504K, used 8059K [0x00000000bee00000, 0x00000000c0300000, 0x00000000c4000000)
  object space 21504K, 37% used [0x00000000bee00000,0x00000000bf5defe0,0x00000000c0300000)
}
Event: 68,073 GC heap before
{Heap before GC invocations=114 (full 0):
 PSYoungGen      total 18944K, used 17652K [0x00000000ec000000, 0x00000000edc00000, 0x0000000100000000)
  eden space 18432K, 95% used [0x00000000ec000000,0x00000000ed125380,0x00000000ed200000)
  from space 512K, 18% used [0x00000000edb00000,0x00000000edb18000,0x00000000edb80000)
  to   space 512K, 0% used [0x00000000edb80000,0x00000000edb80000,0x00000000edc00000)
 ParOldGen       total 40960K, used 34336K [0x00000000c4000000, 0x00000000c6800000, 0x00000000ec000000)
  object space 40960K, 83% used [0x00000000c4000000,0x00000000c61883f8,0x00000000c6800000)
 PSPermGen       total 21504K, used 8059K [0x00000000bee00000, 0x00000000c0300000, 0x00000000c4000000)
  object space 21504K, 37% used [0x00000000bee00000,0x00000000bf5defe0,0x00000000c0300000)
Event: 68,075 GC heap after
Heap after GC invocations=114 (full 0):
 PSYoungGen      total 18944K, used 96K [0x00000000ec000000, 0x00000000edc00000, 0x0000000100000000)
  eden space 18432K, 0% used [0x00000000ec000000,0x00000000ec000000,0x00000000ed200000)
  from space 512K, 18% used [0x00000000edb80000,0x00000000edb98000,0x00000000edc00000)
  to   space 512K, 0% used [0x00000000edb00000,0x00000000edb00000,0x00000000edb80000)
 ParOldGen       total 40960K, used 36745K [0x00000000c4000000, 0x00000000c6800000, 0x00000000ec000000)
  object space 40960K, 89% used [0x00000000c4000000,0x00000000c63e2418,0x00000000c6800000)
 PSPermGen       total 21504K, used 8059K [0x00000000bee00000, 0x00000000c0300000, 0x00000000c4000000)
  object space 21504K, 37% used [0x00000000bee00000,0x00000000bf5defe0,0x00000000c0300000)
}
Event: 68,407 GC heap before
{Heap before GC invocations=115 (full 0):
 PSYoungGen      total 18944K, used 17652K [0x00000000ec000000, 0x00000000edc00000, 0x0000000100000000)
  eden space 18432K, 95% used [0x00000000ec000000,0x00000000ed125340,0x00000000ed200000)
  from space 512K, 18% used [0x00000000edb80000,0x00000000edb98000,0x00000000edc00000)
  to   space 512K, 0% used [0x00000000edb00000,0x00000000edb00000,0x00000000edb80000)
 ParOldGen       total 40960K, used 36745K [0x00000000c4000000, 0x00000000c6800000, 0x00000000ec000000)
  object space 40960K, 89% used [0x00000000c4000000,0x00000000c63e2418,0x00000000c6800000)
 PSPermGen       total 21504K, used 8059K [0x00000000bee00000, 0x00000000c0300000, 0x00000000c4000000)
  object space 21504K, 37% used [0x00000000bee00000,0x00000000bf5defe0,0x00000000c0300000)
Event: 68,409 GC heap after
Heap after GC invocations=115 (full 0):
 PSYoungGen      total 18944K, used 96K [0x00000000ec000000, 0x00000000edc00000, 0x0000000100000000)
  eden space 18432K, 0% used [0x00000000ec000000,0x00000000ec000000,0x00000000ed200000)
  from space 512K, 18% used [0x00000000edb00000,0x00000000edb18000,0x00000000edb80000)
  to   space 512K, 0% used [0x00000000edb80000,0x00000000edb80000,0x00000000edc00000)
 ParOldGen       total 40960K, used 39153K [0x00000000c4000000, 0x00000000c6800000, 0x00000000ec000000)
  object space 40960K, 95% used [0x00000000c4000000,0x00000000c663c438,0x00000000c6800000)
 PSPermGen       total 21504K, used 8059K [0x00000000bee00000, 0x00000000c0300000, 0x00000000c4000000)
  object space 21504K, 37% used [0x00000000bee00000,0x00000000bf5defe0,0x00000000c0300000)
}
Event: 68,409 GC heap before
{Heap before GC invocations=116 (full 1):
 PSYoungGen      total 18944K, used 96K [0x00000000ec000000, 0x00000000edc00000, 0x0000000100000000)
  eden space 18432K, 0% used [0x00000000ec000000,0x00000000ec000000,0x00000000ed200000)
  from space 512K, 18% used [0x00000000edb00000,0x00000000edb18000,0x00000000edb80000)
  to   space 512K, 0% used [0x00000000edb80000,0x00000000edb80000,0x00000000edc00000)
 ParOldGen       total 40960K, used 39153K [0x00000000c4000000, 0x00000000c6800000, 0x00000000ec000000)
  object space 40960K, 95% used [0x00000000c4000000,0x00000000c663c438,0x00000000c6800000)
 PSPermGen       total 21504K, used 8059K [0x00000000bee00000, 0x00000000c0300000, 0x00000000c4000000)
  object space 21504K, 37% used [0x00000000bee00000,0x00000000bf5defe0,0x00000000c0300000)

Deoptimization events (4 events):
Event: 8,441 Thread 0x00007faa36a10000 Uncommon trap: reason=unreached action=reinterpret pc=0x00007faa308340e8 method=it.polito.computervision.controller.Main.paint(Ljava/awt/Graphics;)V @ 316
Event: 8,533 Thread 0x00007faa36a10000 Uncommon trap: reason=unreached action=reinterpret pc=0x00007faa3083b7cc method=java.awt.image.DirectColorModel.getDataElements(ILjava/lang/Object;)Ljava/lang/Object; @ 11
Event: 13,575 Thread 0x00007faa36a10000 Uncommon trap: reason=null_assert action=make_not_entrant pc=0x00007faa30835994 method=it.polito.computervision.controller.Main.paint(Ljava/awt/Graphics;)V @ 234
Event: 13,650 Thread 0x00007faa36a10000 Uncommon trap: reason=null_assert action=make_not_entrant pc=0x00007faa30839568 method=it.polito.computervision.controller.Main.paint(Ljava/awt/Graphics;)V @ 234

Internal exceptions (10 events):
Event: 8,625 Thread 0x00007faa36a10000 Threw 0x00000000ec617578 at /HUDSON/workspace/7u-2-build-linux-amd64/jdk7u45/229/hotspot/src/share/vm/prims/jvm.cpp:1244
Event: 8,625 Thread 0x00007faa36a10000 Threw 0x00000000ec6177a0 at /HUDSON/workspace/7u-2-build-linux-amd64/jdk7u45/229/hotspot/src/share/vm/prims/jvm.cpp:1244
Event: 8,625 Thread 0x00007faa36a10000 Threw 0x00000000ec619e58 at /HUDSON/workspace/7u-2-build-linux-amd64/jdk7u45/229/hotspot/src/share/vm/prims/jvm.cpp:1244
Event: 8,625 Thread 0x00007faa36a10000 Threw 0x00000000ec61a080 at /HUDSON/workspace/7u-2-build-linux-amd64/jdk7u45/229/hotspot/src/share/vm/prims/jvm.cpp:1244
Event: 8,755 Thread 0x00007faa36a10000 Threw 0x00000000ec10cfa0 at /HUDSON/workspace/7u-2-build-linux-amd64/jdk7u45/229/hotspot/src/share/vm/prims/jni.cpp:743
Event: 13,448 Thread 0x00007fa9e0001000 Threw 0x00000000f18f08c8 at /HUDSON/workspace/7u-2-build-linux-amd64/jdk7u45/229/hotspot/src/share/vm/prims/jvm.cpp:1244
Event: 13,480 Thread 0x00007fa9e0001000 Threw 0x00000000f1d95a10 at /HUDSON/workspace/7u-2-build-linux-amd64/jdk7u45/229/hotspot/src/share/vm/prims/jvm.cpp:1244
Event: 13,480 Thread 0x00007fa9e0001000 Threw 0x00000000f1d98068 at /HUDSON/workspace/7u-2-build-linux-amd64/jdk7u45/229/hotspot/src/share/vm/prims/jvm.cpp:1244
Event: 13,481 Thread 0x00007fa9e0001000 Threw 0x00000000f1d9a9f8 at /HUDSON/workspace/7u-2-build-linux-amd64/jdk7u45/229/hotspot/src/share/vm/prims/jvm.cpp:1244
Event: 19,733 Thread 0x00007fa9e0001000 Threw 0x00000000f04bd0b0 at /HUDSON/workspace/7u-2-build-linux-amd64/jdk7u45/229/hotspot/src/share/vm/prims/jvm.cpp:1244

Events (10 events):
Event: 68,307 Thread 0x00007fa9e4001000 Thread added: 0x00007fa9e4001000
Event: 68,340 Thread 0x00007fa9e4001000 Thread exited: 0x00007fa9e4001000
Event: 68,340 Thread 0x00007fa9e0001000 Thread exited: 0x00007fa9e0001000
Event: 68,341 Thread 0x00007fa9e4001000 Thread added: 0x00007fa9e4001000
Event: 68,341 Thread 0x00007fa9e0001000 Thread added: 0x00007fa9e0001000
Event: 68,372 Thread 0x00007fa9e4001000 Thread exited: 0x00007fa9e4001000
Event: 68,374 Thread 0x00007fa9e4001000 Thread added: 0x00007fa9e4001000
Event: 68,406 Thread 0x00007fa9e4001000 Thread exited: 0x00007fa9e4001000
Event: 68,406 Thread 0x00007fa9e0001000 Thread exited: 0x00007fa9e0001000
Event: 68,407 Executing VM operation: ParallelGCFailedAllocation


Dynamic libraries:
00400000-00401000 r-xp 00000000 08:03 1318634                            /usr/lib/jvm/java-7-oracle-amd64/bin/java
00600000-00601000 rw-p 00000000 08:03 1318634                            /usr/lib/jvm/java-7-oracle-amd64/bin/java
01bea000-01c0b000 rw-p 00000000 00:00 0                                  [heap]
bee00000-c0300000 rw-p 00000000 00:00 0 
c0300000-c4000000 rw-p 00000000 00:00 0 
c4000000-c6800000 rw-p 00000000 00:00 0 
c6800000-ec000000 rw-p 00000000 00:00 0 
ec000000-edc00000 rw-p 00000000 00:00 0 
edc00000-f8700000 ---p 00000000 00:00 0 
f8700000-100000000 rw-p 00000000 00:00 0 
7fa9d0000000-7fa9d0021000 rw-p 00000000 00:00 0 
7fa9d0021000-7fa9d4000000 ---p 00000000 00:00 0 
7fa9d4000000-7fa9d4021000 rw-p 00000000 00:00 0 
7fa9d4021000-7fa9d8000000 ---p 00000000 00:00 0 
7fa9d8000000-7fa9d8021000 rw-p 00000000 00:00 0 
7fa9d8021000-7fa9dc000000 ---p 00000000 00:00 0 
7fa9dc000000-7fa9dc021000 rw-p 00000000 00:00 0 
7fa9dc021000-7fa9e0000000 ---p 00000000 00:00 0 
7fa9e0000000-7fa9e054b000 rw-p 00000000 00:00 0 
7fa9e054b000-7fa9e4000000 ---p 00000000 00:00 0 
7fa9e4000000-7fa9e4021000 rw-p 00000000 00:00 0 
7fa9e4021000-7fa9e8000000 ---p 00000000 00:00 0 
7fa9e8000000-7fa9e8021000 rw-p 00000000 00:00 0 
7fa9e8021000-7fa9ec000000 ---p 00000000 00:00 0 
7fa9ec000000-7fa9ec021000 rw-p 00000000 00:00 0 
7fa9ec021000-7fa9f0000000 ---p 00000000 00:00 0 
7fa9f0000000-7fa9f0ef6000 rw-p 00000000 00:00 0 
7fa9f0ef6000-7fa9f4000000 ---p 00000000 00:00 0 
7fa9f4000000-7fa9f4021000 rw-p 00000000 00:00 0 
7fa9f4021000-7fa9f8000000 ---p 00000000 00:00 0 
7fa9f811b000-7fa9f8247000 rw-s 00000000 00:04 20086806                   /SYSV00000000 (deleted)
7fa9f8247000-7fa9f824a000 ---p 00000000 00:00 0 
7fa9f824a000-7fa9f8348000 rw-p 00000000 00:00 0                          [stack:19898]
7fa9f8348000-7fa9f834b000 ---p 00000000 00:00 0 
7fa9f834b000-7fa9f8449000 rw-p 00000000 00:00 0                          [stack:19897]
7fa9f8449000-7fa9f844c000 ---p 00000000 00:00 0 
7fa9f844c000-7fa9f854a000 rw-p 00000000 00:00 0                          [stack:19896]
7fa9f854a000-7fa9f854f000 r-xp 00000000 08:03 923565                     /usr/lib/x86_64-linux-gnu/libXfixes.so.3.1.0
7fa9f854f000-7fa9f874e000 ---p 00005000 08:03 923565                     /usr/lib/x86_64-linux-gnu/libXfixes.so.3.1.0
7fa9f874e000-7fa9f874f000 r--p 00004000 08:03 923565                     /usr/lib/x86_64-linux-gnu/libXfixes.so.3.1.0
7fa9f874f000-7fa9f8750000 rw-p 00005000 08:03 923565                     /usr/lib/x86_64-linux-gnu/libXfixes.so.3.1.0
7fa9f8750000-7fa9f8759000 r-xp 00000000 08:03 918923                     /usr/lib/x86_64-linux-gnu/libXcursor.so.1.0.2
7fa9f8759000-7fa9f8958000 ---p 00009000 08:03 918923                     /usr/lib/x86_64-linux-gnu/libXcursor.so.1.0.2
7fa9f8958000-7fa9f8959000 r--p 00008000 08:03 918923                     /usr/lib/x86_64-linux-gnu/libXcursor.so.1.0.2
7fa9f8959000-7fa9f895a000 rw-p 00009000 08:03 918923                     /usr/lib/x86_64-linux-gnu/libXcursor.so.1.0.2
7fa9f895a000-7fa9f895d000 ---p 00000000 00:00 0 
7fa9f895d000-7fa9f8a5b000 rw-p 00000000 00:00 0                          [stack:19895]
7fa9f8a5b000-7fa9f8a5e000 ---p 00000000 00:00 0 
7fa9f8a5e000-7fa9f94b5000 rw-p 00000000 00:00 0                          [stack:19894]
7fa9f94b5000-7fa9f94b8000 ---p 00000000 00:00 0 
7fa9f94b8000-7fa9f9cb6000 rw-p 00000000 00:00 0                          [stack:19893]
7fa9f9cb6000-7fa9fa180000 r-xp 00000000 08:03 796718                     /opt/kinect/nite/Redist/libNiTE2.so
7fa9fa180000-7fa9fa380000 ---p 004ca000 08:03 796718                     /opt/kinect/nite/Redist/libNiTE2.so
7fa9fa380000-7fa9fa38c000 r--p 004ca000 08:03 796718                     /opt/kinect/nite/Redist/libNiTE2.so
7fa9fa38c000-7fa9fa38e000 rw-p 004d6000 08:03 796718                     /opt/kinect/nite/Redist/libNiTE2.so
7fa9fa38e000-7fa9fa396000 rw-p 00000000 00:00 0 
7fa9fa396000-7fa9fa39d000 r-xp 00000000 08:04 4196212                    /home/giovanni/git/ProgettoCV/ProgettoCV/lib/NiTE/libNiTE2.jni.so
7fa9fa39d000-7fa9fa59c000 ---p 00007000 08:04 4196212                    /home/giovanni/git/ProgettoCV/ProgettoCV/lib/NiTE/libNiTE2.jni.so
7fa9fa59c000-7fa9fa59d000 r--p 00006000 08:04 4196212                    /home/giovanni/git/ProgettoCV/ProgettoCV/lib/NiTE/libNiTE2.jni.so
7fa9fa59d000-7fa9fa59e000 rw-p 00007000 08:04 4196212                    /home/giovanni/git/ProgettoCV/ProgettoCV/lib/NiTE/libNiTE2.jni.so
7fa9fa59e000-7fa9fa59f000 ---p 00000000 00:00 0 
7fa9fa59f000-7fa9fad9f000 rw-p 00000000 00:00 0                          [stack:19892]
7fa9fad9f000-7fa9fadf7000 r-xp 00000000 08:03 672654                     /opt/kinect/openni/Redist/OpenNI2/Drivers/libPSLink.so
7fa9fadf7000-7fa9faff7000 ---p 00058000 08:03 672654                     /opt/kinect/openni/Redist/OpenNI2/Drivers/libPSLink.so
7fa9faff7000-7fa9faffc000 r--p 00058000 08:03 672654                     /opt/kinect/openni/Redist/OpenNI2/Drivers/libPSLink.so
7fa9faffc000-7fa9faffd000 rw-p 0005d000 08:03 672654                     /opt/kinect/openni/Redist/OpenNI2/Drivers/libPSLink.so
7fa9faffd000-7fa9faffe000 rw-p 00000000 00:00 0 
7fa9faffe000-7fa9fafff000 ---p 00000000 00:00 0 
7fa9fafff000-7fa9fb7ff000 rw-p 00000000 00:00 0                          [stack:19891]
7fa9fb7ff000-7fa9fb800000 ---p 00000000 00:00 0 
7fa9fb800000-7fa9fc000000 rw-p 00000000 00:00 0                          [stack:19890]
7fa9fc000000-7fa9fc021000 rw-p 00000000 00:00 0 
7fa9fc021000-7faa00000000 ---p 00000000 00:00 0 
7faa00000000-7faa0025c000 rw-p 00000000 00:00 0 
7faa0025c000-7faa04000000 ---p 00000000 00:00 0 
7faa04073000-7faa0411d000 r-xp 00000000 08:03 672655                     /opt/kinect/openni/Redist/OpenNI2/Drivers/libPS1080.so
7faa0411d000-7faa0431c000 ---p 000aa000 08:03 672655                     /opt/kinect/openni/Redist/OpenNI2/Drivers/libPS1080.so
7faa0431c000-7faa04321000 r--p 000a9000 08:03 672655                     /opt/kinect/openni/Redist/OpenNI2/Drivers/libPS1080.so
7faa04321000-7faa04325000 rw-p 000ae000 08:03 672655                     /opt/kinect/openni/Redist/OpenNI2/Drivers/libPS1080.so
7faa04325000-7faa04346000 rw-p 00000000 00:00 0 
7faa04346000-7faa04390000 r-xp 00000000 08:03 672657                     /opt/kinect/openni/Redist/OpenNI2/Drivers/libOniFile.so
7faa04390000-7faa0458f000 ---p 0004a000 08:03 672657                     /opt/kinect/openni/Redist/OpenNI2/Drivers/libOniFile.so
7faa0458f000-7faa04591000 r--p 00049000 08:03 672657                     /opt/kinect/openni/Redist/OpenNI2/Drivers/libOniFile.so
7faa04591000-7faa04592000 rw-p 0004b000 08:03 672657                     /opt/kinect/openni/Redist/OpenNI2/Drivers/libOniFile.so
7faa04592000-7faa045b2000 rw-p 00000000 00:00 0 
7faa045b2000-7faa045b3000 ---p 00000000 00:00 0 
7faa045b3000-7faa04db3000 rw-p 00000000 00:00 0                          [stack:19889]
7faa04db3000-7faa04df7000 r-xp 00000000 08:03 392540                     /lib/x86_64-linux-gnu/libdbus-1.so.3.7.6
7faa04df7000-7faa04ff6000 ---p 00044000 08:03 392540                     /lib/x86_64-linux-gnu/libdbus-1.so.3.7.6
7faa04ff6000-7faa04ff7000 r--p 00043000 08:03 392540                     /lib/x86_64-linux-gnu/libdbus-1.so.3.7.6
7faa04ff7000-7faa04ff8000 rw-p 00044000 08:03 392540                     /lib/x86_64-linux-gnu/libdbus-1.so.3.7.6
7faa04ff8000-7faa05000000 r-xp 00000000 08:03 393570                     /lib/x86_64-linux-gnu/libnih-dbus.so.1.0.0
7faa05000000-7faa05200000 ---p 00008000 08:03 393570                     /lib/x86_64-linux-gnu/libnih-dbus.so.1.0.0
7faa05200000-7faa05201000 r--p 00008000 08:03 393570                     /lib/x86_64-linux-gnu/libnih-dbus.so.1.0.0
7faa05201000-7faa05202000 rw-p 00009000 08:03 393570                     /lib/x86_64-linux-gnu/libnih-dbus.so.1.0.0
7faa05202000-7faa05219000 r-xp 00000000 08:03 396399                     /lib/x86_64-linux-gnu/libnih.so.1.0.0
7faa05219000-7faa05418000 ---p 00017000 08:03 396399                     /lib/x86_64-linux-gnu/libnih.so.1.0.0
7faa05418000-7faa05419000 r--p 00016000 08:03 396399                     /lib/x86_64-linux-gnu/libnih.so.1.0.0
7faa05419000-7faa0541a000 rw-p 00017000 08:03 396399                     /lib/x86_64-linux-gnu/libnih.so.1.0.0
7faa0541a000-7faa05433000 r-xp 00000000 08:03 411518                     /lib/x86_64-linux-gnu/libcgmanager.so.0.0.0
7faa05433000-7faa05632000 ---p 00019000 08:03 411518                     /lib/x86_64-linux-gnu/libcgmanager.so.0.0.0
7faa05632000-7faa05634000 r--p 00018000 08:03 411518                     /lib/x86_64-linux-gnu/libcgmanager.so.0.0.0
7faa05634000-7faa05635000 rw-p 0001a000 08:03 411518                     /lib/x86_64-linux-gnu/libcgmanager.so.0.0.0
7faa05635000-7faa05645000 r-xp 00000000 08:03 392504                     /lib/x86_64-linux-gnu/libudev.so.1.3.5
7faa05645000-7faa05844000 ---p 00010000 08:03 392504                     /lib/x86_64-linux-gnu/libudev.so.1.3.5
7faa05844000-7faa05845000 r--p 0000f000 08:03 392504                     /lib/x86_64-linux-gnu/libudev.so.1.3.5
7faa05845000-7faa05846000 rw-p 00010000 08:03 392504                     /lib/x86_64-linux-gnu/libudev.so.1.3.5
7faa05846000-7faa0585b000 r-xp 00000000 08:03 393487                     /lib/x86_64-linux-gnu/libusb-1.0.so.0.1.0
7faa0585b000-7faa05a5b000 ---p 00015000 08:03 393487                     /lib/x86_64-linux-gnu/libusb-1.0.so.0.1.0
7faa05a5b000-7faa05a5c000 r--p 00015000 08:03 393487                     /lib/x86_64-linux-gnu/libusb-1.0.so.0.1.0
7faa05a5c000-7faa05a5d000 rw-p 00016000 08:03 393487                     /lib/x86_64-linux-gnu/libusb-1.0.so.0.1.0
7faa05a5d000-7faa05a69000 r-xp 00000000 08:03 797180                     /opt/kinect/freenect/build/lib/libfreenect.so.0.2.0
7faa05a69000-7faa05c68000 ---p 0000c000 08:03 797180                     /opt/kinect/freenect/build/lib/libfreenect.so.0.2.0
7faa05c68000-7faa05c69000 r--p 0000b000 08:03 797180                     /opt/kinect/freenect/build/lib/libfreenect.so.0.2.0
7faa05c69000-7faa05c6a000 rw-p 0000c000 08:03 797180                     /opt/kinect/freenect/build/lib/libfreenect.so.0.2.0
7faa05c6a000-7faa05c7f000 r-xp 00000000 08:03 657643                     /opt/kinect/openni/Redist/OpenNI2/Drivers/libFreenectDriver.so
7faa05c7f000-7faa05e7e000 ---p 00015000 08:03 657643                     /opt/kinect/openni/Redist/OpenNI2/Drivers/libFreenectDriver.so
7faa05e7e000-7faa05e7f000 r--p 00014000 08:03 657643                     /opt/kinect/openni/Redist/OpenNI2/Drivers/libFreenectDriver.so
7faa05e7f000-7faa05e80000 rw-p 00015000 08:03 657643                     /opt/kinect/openni/Redist/OpenNI2/Drivers/libFreenectDriver.so
7faa05e80000-7faa05e96000 r-xp 00000000 08:03 395548                     /lib/x86_64-linux-gnu/libgcc_s.so.1
7faa05e96000-7faa06095000 ---p 00016000 08:03 395548                     /lib/x86_64-linux-gnu/libgcc_s.so.1
7faa06095000-7faa06096000 rw-p 00015000 08:03 395548                     /lib/x86_64-linux-gnu/libgcc_s.so.1
7faa06096000-7faa0617c000 r-xp 00000000 08:03 949507                     /usr/lib/x86_64-linux-gnu/libstdc++.so.6.0.19
7faa0617c000-7faa0637b000 ---p 000e6000 08:03 949507                     /usr/lib/x86_64-linux-gnu/libstdc++.so.6.0.19
7faa0637b000-7faa06383000 r--p 000e5000 08:03 949507                     /usr/lib/x86_64-linux-gnu/libstdc++.so.6.0.19
7faa06383000-7faa06385000 rw-p 000ed000 08:03 949507                     /usr/lib/x86_64-linux-gnu/libstdc++.so.6.0.19
7faa06385000-7faa0639a000 rw-p 00000000 00:00 0 
7faa0639a000-7faa063f2000 r-xp 00000000 08:03 672649                     /opt/kinect/openni/Redist/libOpenNI2.so
7faa063f2000-7faa065f2000 ---p 00058000 08:03 672649                     /opt/kinect/openni/Redist/libOpenNI2.so
7faa065f2000-7faa065f4000 r--p 00058000 08:03 672649                     /opt/kinect/openni/Redist/libOpenNI2.so
7faa065f4000-7faa065f5000 rw-p 0005a000 08:03 672649                     /opt/kinect/openni/Redist/libOpenNI2.so
7faa065f5000-7faa06616000 rw-p 00000000 00:00 0 
7faa0663f000-7faa06647000 r-xp 00000000 08:04 4196168                    /home/giovanni/git/ProgettoCV/ProgettoCV/lib/OpenNI/libOpenNI2.jni.so
7faa06647000-7faa06846000 ---p 00008000 08:04 4196168                    /home/giovanni/git/ProgettoCV/ProgettoCV/lib/OpenNI/libOpenNI2.jni.so
7faa06846000-7faa06847000 r--p 00007000 08:04 4196168                    /home/giovanni/git/ProgettoCV/ProgettoCV/lib/OpenNI/libOpenNI2.jni.so
7faa06847000-7faa06848000 rw-p 00008000 08:04 4196168                    /home/giovanni/git/ProgettoCV/ProgettoCV/lib/OpenNI/libOpenNI2.jni.so
7faa06848000-7faa0684d000 r-xp 00000000 08:03 924032                     /usr/lib/x86_64-linux-gnu/libXdmcp.so.6.0.0
7faa0684d000-7faa06a4c000 ---p 00005000 08:03 924032                     /usr/lib/x86_64-linux-gnu/libXdmcp.so.6.0.0
7faa06a4c000-7faa06a4d000 r--p 00004000 08:03 924032                     /usr/lib/x86_64-linux-gnu/libXdmcp.so.6.0.0
7faa06a4d000-7faa06a4e000 rw-p 00005000 08:03 924032                     /usr/lib/x86_64-linux-gnu/libXdmcp.so.6.0.0
7faa06a4e000-7faa06a50000 r-xp 00000000 08:03 924464                     /usr/lib/x86_64-linux-gnu/libXau.so.6.0.0
7faa06a50000-7faa06c50000 ---p 00002000 08:03 924464                     /usr/lib/x86_64-linux-gnu/libXau.so.6.0.0
7faa06c50000-7faa06c51000 r--p 00002000 08:03 924464                     /usr/lib/x86_64-linux-gnu/libXau.so.6.0.0
7faa06c51000-7faa06c52000 rw-p 00003000 08:03 924464                     /usr/lib/x86_64-linux-gnu/libXau.so.6.0.0
7faa06c52000-7faa06c6f000 r-xp 00000000 08:03 921915                     /usr/lib/x86_64-linux-gnu/libxcb.so.1.1.0
7faa06c6f000-7faa06e6f000 ---p 0001d000 08:03 921915                     /usr/lib/x86_64-linux-gnu/libxcb.so.1.1.0
7faa06e6f000-7faa06e70000 r--p 0001d000 08:03 921915                     /usr/lib/x86_64-linux-gnu/libxcb.so.1.1.0
7faa06e70000-7faa06e71000 rw-p 0001e000 08:03 921915                     /usr/lib/x86_64-linux-gnu/libxcb.so.1.1.0
7faa06e71000-7faa06e80000 r-xp 00000000 08:03 917958                     /usr/lib/x86_64-linux-gnu/libXi.so.6.1.0
7faa06e80000-7faa0707f000 ---p 0000f000 08:03 917958                     /usr/lib/x86_64-linux-gnu/libXi.so.6.1.0
7faa0707f000-7faa07080000 r--p 0000e000 08:03 917958                     /usr/lib/x86_64-linux-gnu/libXi.so.6.1.0
7faa07080000-7faa07081000 rw-p 0000f000 08:03 917958                     /usr/lib/x86_64-linux-gnu/libXi.so.6.1.0
7faa07081000-7faa07086000 r-xp 00000000 08:03 924062                     /usr/lib/x86_64-linux-gnu/libXtst.so.6.1.0
7faa07086000-7faa07285000 ---p 00005000 08:03 924062                     /usr/lib/x86_64-linux-gnu/libXtst.so.6.1.0
7faa07285000-7faa07286000 r--p 00004000 08:03 924062                     /usr/lib/x86_64-linux-gnu/libXtst.so.6.1.0
7faa07286000-7faa07287000 rw-p 00005000 08:03 924062                     /usr/lib/x86_64-linux-gnu/libXtst.so.6.1.0
7faa07287000-7faa07290000 r-xp 00000000 08:03 917960                     /usr/lib/x86_64-linux-gnu/libXrender.so.1.3.0
7faa07290000-7faa0748f000 ---p 00009000 08:03 917960                     /usr/lib/x86_64-linux-gnu/libXrender.so.1.3.0
7faa0748f000-7faa07490000 r--p 00008000 08:03 917960                     /usr/lib/x86_64-linux-gnu/libXrender.so.1.3.0
7faa07490000-7faa07491000 rw-p 00009000 08:03 917960                     /usr/lib/x86_64-linux-gnu/libXrender.so.1.3.0
7faa07491000-7faa075c1000 r-xp 00000000 08:03 921946                     /usr/lib/x86_64-linux-gnu/libX11.so.6.3.0
7faa075c1000-7faa077c1000 ---p 00130000 08:03 921946                     /usr/lib/x86_64-linux-gnu/libX11.so.6.3.0
7faa077c1000-7faa077c2000 r--p 00130000 08:03 921946                     /usr/lib/x86_64-linux-gnu/libX11.so.6.3.0
7faa077c2000-7faa077c6000 rw-p 00131000 08:03 921946                     /usr/lib/x86_64-linux-gnu/libX11.so.6.3.0
7faa077c6000-7faa077d7000 r-xp 00000000 08:03 917822                     /usr/lib/x86_64-linux-gnu/libXext.so.6.4.0
7faa077d7000-7faa079d6000 ---p 00011000 08:03 917822                     /usr/lib/x86_64-linux-gnu/libXext.so.6.4.0
7faa079d6000-7faa079d7000 r--p 00010000 08:03 917822                     /usr/lib/x86_64-linux-gnu/libXext.so.6.4.0
7faa079d7000-7faa079d8000 rw-p 00011000 08:03 917822                     /usr/lib/x86_64-linux-gnu/libXext.so.6.4.0
7faa079d8000-7faa07a28000 r-xp 00000000 08:03 1318612                    /usr/lib/jvm/java-7-oracle-amd64/jre/lib/amd64/xawt/libmawt.so
7faa07a28000-7faa07c28000 ---p 00050000 08:03 1318612                    /usr/lib/jvm/java-7-oracle-amd64/jre/lib/amd64/xawt/libmawt.so
7faa07c28000-7faa07c2c000 rw-p 00050000 08:03 1318612                    /usr/lib/jvm/java-7-oracle-amd64/jre/lib/amd64/xawt/libmawt.so
7faa07c2c000-7faa07c2d000 rw-p 00000000 00:00 0 
7faa07c2d000-7faa07ccf000 r-xp 00000000 08:03 1202838                    /usr/lib/jvm/java-7-oracle-amd64/jre/lib/amd64/libawt.so
7faa07ccf000-7faa07ecf000 ---p 000a2000 08:03 1202838                    /usr/lib/jvm/java-7-oracle-amd64/jre/lib/amd64/libawt.so
7faa07ecf000-7faa07edb000 rw-p 000a2000 08:03 1202838                    /usr/lib/jvm/java-7-oracle-amd64/jre/lib/amd64/libawt.so
7faa07edb000-7faa07eff000 rw-p 00000000 00:00 0 
7faa07eff000-7faa07f00000 ---p 00000000 00:00 0 
7faa07f00000-7faa08000000 rw-p 00000000 00:00 0                          [stack:19887]
7faa08000000-7faa08021000 rw-p 00000000 00:00 0 
7faa08021000-7faa0c000000 ---p 00000000 00:00 0 
7faa0c000000-7faa0c285000 rw-p 00000000 00:00 0 
7faa0c285000-7faa10000000 ---p 00000000 00:00 0 
7faa10000000-7faa10021000 rw-p 00000000 00:00 0 
7faa10021000-7faa14000000 ---p 00000000 00:00 0 
7faa14000000-7faa14021000 rw-p 00000000 00:00 0 
7faa14021000-7faa18000000 ---p 00000000 00:00 0 
7faa18000000-7faa18250000 rw-p 00000000 00:00 0 
7faa18250000-7faa1c000000 ---p 00000000 00:00 0 
7faa1c000000-7faa1c021000 rw-p 00000000 00:00 0 
7faa1c021000-7faa20000000 ---p 00000000 00:00 0 
7faa20000000-7faa20021000 rw-p 00000000 00:00 0 
7faa20021000-7faa24000000 ---p 00000000 00:00 0 
7faa24000000-7faa24021000 rw-p 00000000 00:00 0 
7faa24021000-7faa28000000 ---p 00000000 00:00 0 
7faa28000000-7faa28021000 rw-p 00000000 00:00 0 
7faa28021000-7faa2c000000 ---p 00000000 00:00 0 
7faa2c01c000-7faa2c03f000 r--p 00000000 08:03 1182828                    /usr/share/locale-langpack/it/LC_MESSAGES/libc.mo
7faa2c03f000-7faa2c042000 ---p 00000000 00:00 0 
7faa2c042000-7faa2c140000 rw-p 00000000 00:00 0                          [stack:19886]
7faa2c140000-7faa2c143000 ---p 00000000 00:00 0 
7faa2c143000-7faa2c241000 rw-p 00000000 00:00 0                          [stack:19885]
7faa2c241000-7faa2c244000 ---p 00000000 00:00 0 
7faa2c244000-7faa2c342000 rw-p 00000000 00:00 0                          [stack:19884]
7faa2c342000-7faa2c345000 ---p 00000000 00:00 0 
7faa2c345000-7faa2c443000 rw-p 00000000 00:00 0                          [stack:19883]
7faa2c443000-7faa2c9bf000 r--p 00000000 08:03 924805                     /usr/lib/locale/locale-archive
7faa2c9bf000-7faa2c9c2000 ---p 00000000 00:00 0 
7faa2c9c2000-7faa2cac0000 rw-p 00000000 00:00 0                          [stack:19882]
7faa2cac0000-7faa2cac3000 ---p 00000000 00:00 0 
7faa2cac3000-7faa2cbc1000 rw-p 00000000 00:00 0                          [stack:19881]
7faa2cbc1000-7faa2cbc2000 ---p 00000000 00:00 0 
7faa2cbc2000-7faa2dc7f000 rw-p 00000000 00:00 0                          [stack:19880]
7faa2dc7f000-7faa2de3b000 r--s 039b2000 08:03 1202859                    /usr/lib/jvm/java-7-oracle-amd64/jre/lib/rt.jar
7faa2de3b000-7faa301a5000 rw-p 00000000 00:00 0 
7faa301a5000-7faa301a6000 ---p 00000000 00:00 0 
7faa301a6000-7faa302a6000 rw-p 00000000 00:00 0                          [stack:19876]
7faa302a6000-7faa302a7000 ---p 00000000 00:00 0 
7faa302a7000-7faa303a7000 rw-p 00000000 00:00 0                          [stack:19875]
7faa303a7000-7faa303a8000 ---p 00000000 00:00 0 
7faa303a8000-7faa304a8000 rw-p 00000000 00:00 0                          [stack:19874]
7faa304a8000-7faa304a9000 ---p 00000000 00:00 0 
7faa304a9000-7faa305b4000 rw-p 00000000 00:00 0                          [stack:19873]
7faa305b4000-7faa305d2000 rw-p 00000000 00:00 0 
7faa305d2000-7faa305e6000 rw-p 00000000 00:00 0 
7faa305e6000-7faa30712000 rw-p 00000000 00:00 0 
7faa30712000-7faa30720000 rw-p 00000000 00:00 0 
7faa30720000-7faa30776000 ---p 00000000 00:00 0 
7faa30776000-7faa307b2000 rw-p 00000000 00:00 0 
7faa307b2000-7faa307b3000 rw-p 00000000 00:00 0 
7faa307b3000-7faa30a23000 rwxp 00000000 00:00 0 
7faa30a23000-7faa337b3000 rw-p 00000000 00:00 0 
7faa337b3000-7faa337cd000 r-xp 00000000 08:03 1202835                    /usr/lib/jvm/java-7-oracle-amd64/jre/lib/amd64/libzip.so
7faa337cd000-7faa339cd000 ---p 0001a000 08:03 1202835                    /usr/lib/jvm/java-7-oracle-amd64/jre/lib/amd64/libzip.so
7faa339cd000-7faa339ce000 rw-p 0001a000 08:03 1202835                    /usr/lib/jvm/java-7-oracle-amd64/jre/lib/amd64/libzip.so
7faa339ce000-7faa339d9000 r-xp 00000000 08:03 395611                     /lib/x86_64-linux-gnu/libnss_files-2.19.so
7faa339d9000-7faa33bd8000 ---p 0000b000 08:03 395611                     /lib/x86_64-linux-gnu/libnss_files-2.19.so
7faa33bd8000-7faa33bd9000 r--p 0000a000 08:03 395611                     /lib/x86_64-linux-gnu/libnss_files-2.19.so
7faa33bd9000-7faa33bda000 rw-p 0000b000 08:03 395611                     /lib/x86_64-linux-gnu/libnss_files-2.19.so
7faa33bda000-7faa33be5000 r-xp 00000000 08:03 395635                     /lib/x86_64-linux-gnu/libnss_nis-2.19.so
7faa33be5000-7faa33de4000 ---p 0000b000 08:03 395635                     /lib/x86_64-linux-gnu/libnss_nis-2.19.so
7faa33de4000-7faa33de5000 r--p 0000a000 08:03 395635                     /lib/x86_64-linux-gnu/libnss_nis-2.19.so
7faa33de5000-7faa33de6000 rw-p 0000b000 08:03 395635                     /lib/x86_64-linux-gnu/libnss_nis-2.19.so
7faa33de6000-7faa33dfd000 r-xp 00000000 08:03 395624                     /lib/x86_64-linux-gnu/libnsl-2.19.so
7faa33dfd000-7faa33ffc000 ---p 00017000 08:03 395624                     /lib/x86_64-linux-gnu/libnsl-2.19.so
7faa33ffc000-7faa33ffd000 r--p 00016000 08:03 395624                     /lib/x86_64-linux-gnu/libnsl-2.19.so
7faa33ffd000-7faa33ffe000 rw-p 00017000 08:03 395624                     /lib/x86_64-linux-gnu/libnsl-2.19.so
7faa33ffe000-7faa34000000 rw-p 00000000 00:00 0 
7faa34000000-7faa36a1e000 rw-p 00000000 00:00 0 
7faa36a1e000-7faa38000000 ---p 00000000 00:00 0 
7faa38007000-7faa3807c000 rw-p 00000000 00:00 0 
7faa3807c000-7faa3809a000 rw-p 00000000 00:00 0 
7faa3809a000-7faa380ae000 rw-p 00000000 00:00 0 
7faa380ae000-7faa381da000 rw-p 00000000 00:00 0 
7faa381da000-7faa381e3000 r-xp 00000000 08:03 395637                     /lib/x86_64-linux-gnu/libnss_compat-2.19.so
7faa381e3000-7faa383e2000 ---p 00009000 08:03 395637                     /lib/x86_64-linux-gnu/libnss_compat-2.19.so
7faa383e2000-7faa383e3000 r--p 00008000 08:03 395637                     /lib/x86_64-linux-gnu/libnss_compat-2.19.so
7faa383e3000-7faa383e4000 rw-p 00009000 08:03 395637                     /lib/x86_64-linux-gnu/libnss_compat-2.19.so
7faa383e4000-7faa3840d000 r-xp 00000000 08:03 1202828                    /usr/lib/jvm/java-7-oracle-amd64/jre/lib/amd64/libjava.so
7faa3840d000-7faa3860d000 ---p 00029000 08:03 1202828                    /usr/lib/jvm/java-7-oracle-amd64/jre/lib/amd64/libjava.so
7faa3860d000-7faa3860f000 rw-p 00029000 08:03 1202828                    /usr/lib/jvm/java-7-oracle-amd64/jre/lib/amd64/libjava.so
7faa3860f000-7faa3861c000 r-xp 00000000 08:03 1202843                    /usr/lib/jvm/java-7-oracle-amd64/jre/lib/amd64/libverify.so
7faa3861c000-7faa3881b000 ---p 0000d000 08:03 1202843                    /usr/lib/jvm/java-7-oracle-amd64/jre/lib/amd64/libverify.so
7faa3881b000-7faa3881d000 rw-p 0000c000 08:03 1202843                    /usr/lib/jvm/java-7-oracle-amd64/jre/lib/amd64/libverify.so
7faa3881d000-7faa38824000 r-xp 00000000 08:03 395647                     /lib/x86_64-linux-gnu/librt-2.19.so
7faa38824000-7faa38a23000 ---p 00007000 08:03 395647                     /lib/x86_64-linux-gnu/librt-2.19.so
7faa38a23000-7faa38a24000 r--p 00006000 08:03 395647                     /lib/x86_64-linux-gnu/librt-2.19.so
7faa38a24000-7faa38a25000 rw-p 00007000 08:03 395647                     /lib/x86_64-linux-gnu/librt-2.19.so
7faa38a25000-7faa38b2a000 r-xp 00000000 08:03 395613                     /lib/x86_64-linux-gnu/libm-2.19.so
7faa38b2a000-7faa38d29000 ---p 00105000 08:03 395613                     /lib/x86_64-linux-gnu/libm-2.19.so
7faa38d29000-7faa38d2a000 r--p 00104000 08:03 395613                     /lib/x86_64-linux-gnu/libm-2.19.so
7faa38d2a000-7faa38d2b000 rw-p 00105000 08:03 395613                     /lib/x86_64-linux-gnu/libm-2.19.so
7faa38d2b000-7faa3988d000 r-xp 00000000 08:03 1318609                    /usr/lib/jvm/java-7-oracle-amd64/jre/lib/amd64/server/libjvm.so
7faa3988d000-7faa39a8d000 ---p 00b62000 08:03 1318609                    /usr/lib/jvm/java-7-oracle-amd64/jre/lib/amd64/server/libjvm.so
7faa39a8d000-7faa39b50000 rw-p 00b62000 08:03 1318609                    /usr/lib/jvm/java-7-oracle-amd64/jre/lib/amd64/server/libjvm.so
7faa39b50000-7faa39b91000 rw-p 00000000 00:00 0 
7faa39b91000-7faa39d4d000 r-xp 00000000 08:03 395605                     /lib/x86_64-linux-gnu/libc-2.19.so
7faa39d4d000-7faa39f4c000 ---p 001bc000 08:03 395605                     /lib/x86_64-linux-gnu/libc-2.19.so
7faa39f4c000-7faa39f50000 r--p 001bb000 08:03 395605                     /lib/x86_64-linux-gnu/libc-2.19.so
7faa39f50000-7faa39f52000 rw-p 001bf000 08:03 395605                     /lib/x86_64-linux-gnu/libc-2.19.so
7faa39f52000-7faa39f57000 rw-p 00000000 00:00 0 
7faa39f57000-7faa39f5a000 r-xp 00000000 08:03 395640                     /lib/x86_64-linux-gnu/libdl-2.19.so
7faa39f5a000-7faa3a159000 ---p 00003000 08:03 395640                     /lib/x86_64-linux-gnu/libdl-2.19.so
7faa3a159000-7faa3a15a000 r--p 00002000 08:03 395640                     /lib/x86_64-linux-gnu/libdl-2.19.so
7faa3a15a000-7faa3a15b000 rw-p 00003000 08:03 395640                     /lib/x86_64-linux-gnu/libdl-2.19.so
7faa3a15b000-7faa3a171000 r-xp 00000000 08:03 1320669                    /usr/lib/jvm/java-7-oracle-amd64/lib/amd64/jli/libjli.so
7faa3a171000-7faa3a371000 ---p 00016000 08:03 1320669                    /usr/lib/jvm/java-7-oracle-amd64/lib/amd64/jli/libjli.so
7faa3a371000-7faa3a372000 rw-p 00016000 08:03 1320669                    /usr/lib/jvm/java-7-oracle-amd64/lib/amd64/jli/libjli.so
7faa3a372000-7faa3a38b000 r-xp 00000000 08:03 395645                     /lib/x86_64-linux-gnu/libpthread-2.19.so
7faa3a38b000-7faa3a58a000 ---p 00019000 08:03 395645                     /lib/x86_64-linux-gnu/libpthread-2.19.so
7faa3a58a000-7faa3a58b000 r--p 00018000 08:03 395645                     /lib/x86_64-linux-gnu/libpthread-2.19.so
7faa3a58b000-7faa3a58c000 rw-p 00019000 08:03 395645                     /lib/x86_64-linux-gnu/libpthread-2.19.so
7faa3a58c000-7faa3a590000 rw-p 00000000 00:00 0 
7faa3a590000-7faa3a5b3000 r-xp 00000000 08:03 395603                     /lib/x86_64-linux-gnu/ld-2.19.so
7faa3a5bc000-7faa3a5c0000 r--s 00069000 08:04 5768772                    /home/giovanni/git/ProgettoCV/ProgettoCV/lib/OpenCV/opencv-249.jar
7faa3a5c0000-7faa3a5c1000 r--s 00005000 08:04 4196224                    /home/giovanni/git/ProgettoCV/ProgettoCV/lib/NiTE/com.primesense.nite.jar
7faa3a5c1000-7faa3a5cc000 rw-p 00000000 00:00 0 
7faa3a5cc000-7faa3a682000 rw-p 00000000 00:00 0 
7faa3a682000-7faa3a685000 ---p 00000000 00:00 0 
7faa3a685000-7faa3a788000 rw-p 00000000 00:00 0                          [stack:19872]
7faa3a788000-7faa3a78f000 r--s 00000000 08:03 1215550                    /usr/lib/x86_64-linux-gnu/gconv/gconv-modules.cache
7faa3a78f000-7faa3a791000 r--s 00004000 08:04 4196201                    /home/giovanni/git/ProgettoCV/ProgettoCV/lib/OpenNI/org.openni.jar
7faa3a791000-7faa3a7a6000 rw-p 00000000 00:00 0 
7faa3a7a6000-7faa3a7ae000 rw-s 00000000 08:03 1310043                    /tmp/hsperfdata_giovanni/19870
7faa3a7ae000-7faa3a7af000 rw-p 00000000 00:00 0 
7faa3a7af000-7faa3a7b0000 ---p 00000000 00:00 0 
7faa3a7b0000-7faa3a7b2000 rw-p 00000000 00:00 0 
7faa3a7b2000-7faa3a7b3000 r--p 00022000 08:03 395603                     /lib/x86_64-linux-gnu/ld-2.19.so
7faa3a7b3000-7faa3a7b4000 rw-p 00023000 08:03 395603                     /lib/x86_64-linux-gnu/ld-2.19.so
7faa3a7b4000-7faa3a7b5000 rw-p 00000000 00:00 0 
7fff971d2000-7fff971f3000 rw-p 00000000 00:00 0                          [stack]
7fff971fe000-7fff97200000 r-xp 00000000 00:00 0                          [vdso]
ffffffffff600000-ffffffffff601000 r-xp 00000000 00:00 0                  [vsyscall]

VM Arguments:
jvm_args: -Djava.library.path=/home/giovanni/git/ProgettoCV/ProgettoCV/lib/OpenNI:/home/giovanni/git/ProgettoCV/ProgettoCV/lib/NiTE:/home/giovanni/git/ProgettoCV/ProgettoCV/lib/OpenCV -Dfile.encoding=UTF-8 
java_command: it.polito.computervision.controller.Main
Launcher Type: SUN_STANDARD

Environment Variables:
PATH=/usr/local/sbin:/usr/local/bin:/usr/sbin:/usr/bin:/sbin:/bin:/usr/games:/usr/local/games
SHELL=/bin/bash
DISPLAY=:0

Signal Handlers:
SIGSEGV: [libjvm.so+0x9935b0], sa_mask[0]=0x7ffbfeff, sa_flags=0x10000004
SIGBUS: [libjvm.so+0x9935b0], sa_mask[0]=0x7ffbfeff, sa_flags=0x10000004
SIGFPE: [libjvm.so+0x810330], sa_mask[0]=0x7ffbfeff, sa_flags=0x10000004
SIGPIPE: [libjvm.so+0x810330], sa_mask[0]=0x7ffbfeff, sa_flags=0x10000004
SIGXFSZ: [libjvm.so+0x810330], sa_mask[0]=0x7ffbfeff, sa_flags=0x10000004
SIGILL: [libjvm.so+0x810330], sa_mask[0]=0x7ffbfeff, sa_flags=0x10000004
SIGUSR1: SIG_DFL, sa_mask[0]=0x00000000, sa_flags=0x00000000
SIGUSR2: [libjvm.so+0x811820], sa_mask[0]=0x00000004, sa_flags=0x10000004
SIGHUP: [libjvm.so+0x812790], sa_mask[0]=0x7ffbfeff, sa_flags=0x10000004
SIGINT: [libjvm.so+0x812790], sa_mask[0]=0x7ffbfeff, sa_flags=0x10000004
SIGTERM: [libjvm.so+0x812790], sa_mask[0]=0x7ffbfeff, sa_flags=0x10000004
SIGQUIT: [libjvm.so+0x812790], sa_mask[0]=0x7ffbfeff, sa_flags=0x10000004


---------------  S Y S T E M  ---------------

OS:jessie/sid

uname:Linux 3.13.0-27-generic #50-Ubuntu SMP Thu May 15 18:06:16 UTC 2014 x86_64
libc:glibc 2.19 NPTL 2.19 
rlimit: STACK 8192k, CORE 0k, NPROC 30373, NOFILE 4096, AS infinity
load average:3,33 2,48 1,97

/proc/meminfo:
MemTotal:        3931260 kB
MemFree:          273380 kB
Buffers:          132860 kB
Cached:          1416080 kB
SwapCached:        10772 kB
Active:          2232424 kB
Inactive:        1193856 kB
Active(anon):    1549496 kB
Inactive(anon):   577912 kB
Active(file):     682928 kB
Inactive(file):   615944 kB
Unevictable:         160 kB
Mlocked:             160 kB
SwapTotal:       4589564 kB
SwapFree:        4495300 kB
Dirty:                48 kB
Writeback:             0 kB
AnonPages:       1868464 kB
Mapped:           275532 kB
Shmem:            250068 kB
Slab:             125416 kB
SReclaimable:      92544 kB
SUnreclaim:        32872 kB
KernelStack:        4784 kB
PageTables:        32980 kB
NFS_Unstable:          0 kB
Bounce:                0 kB
WritebackTmp:          0 kB
CommitLimit:     6555192 kB
Committed_AS:    5346624 kB
VmallocTotal:   34359738367 kB
VmallocUsed:      403112 kB
VmallocChunk:   34359326716 kB
HardwareCorrupted:     0 kB
AnonHugePages:    591872 kB
HugePages_Total:       0
HugePages_Free:        0
HugePages_Rsvd:        0
HugePages_Surp:        0
Hugepagesize:       2048 kB
DirectMap4k:       98232 kB
DirectMap2M:     3979264 kB


CPU:total 4 (2 cores per cpu, 2 threads per core) family 6 model 58 stepping 9, cmov, cx8, fxsr, mmx, sse, sse2, sse3, ssse3, sse4.1, sse4.2, popcnt, avx, aes, erms, ht, tsc, tscinvbit, tscinv

/proc/cpuinfo:
processor	: 0
vendor_id	: GenuineIntel
cpu family	: 6
model		: 58
model name	: Intel(R) Core(TM) i5-3317U CPU @ 1.70GHz
stepping	: 9
microcode	: 0x15
cpu MHz		: 1701.000
cache size	: 3072 KB
physical id	: 0
siblings	: 4
core id		: 0
cpu cores	: 2
apicid		: 0
initial apicid	: 0
fpu		: yes
fpu_exception	: yes
cpuid level	: 13
wp		: yes
flags		: fpu vme de pse tsc msr pae mce cx8 apic sep mtrr pge mca cmov pat pse36 clflush dts acpi mmx fxsr sse sse2 ss ht tm pbe syscall nx rdtscp lm constant_tsc arch_perfmon pebs bts rep_good nopl xtopology nonstop_tsc aperfmperf eagerfpu pni pclmulqdq dtes64 monitor ds_cpl vmx est tm2 ssse3 cx16 xtpr pdcm pcid sse4_1 sse4_2 x2apic popcnt tsc_deadline_timer aes xsave avx f16c rdrand lahf_lm ida arat epb xsaveopt pln pts dtherm tpr_shadow vnmi flexpriority ept vpid fsgsbase smep erms
bogomips	: 3392.49
clflush size	: 64
cache_alignment	: 64
address sizes	: 36 bits physical, 48 bits virtual
power management:

processor	: 1
vendor_id	: GenuineIntel
cpu family	: 6
model		: 58
model name	: Intel(R) Core(TM) i5-3317U CPU @ 1.70GHz
stepping	: 9
microcode	: 0x15
cpu MHz		: 1701.000
cache size	: 3072 KB
physical id	: 0
siblings	: 4
core id		: 1
cpu cores	: 2
apicid		: 2
initial apicid	: 2
fpu		: yes
fpu_exception	: yes
cpuid level	: 13
wp		: yes
flags		: fpu vme de pse tsc msr pae mce cx8 apic sep mtrr pge mca cmov pat pse36 clflush dts acpi mmx fxsr sse sse2 ss ht tm pbe syscall nx rdtscp lm constant_tsc arch_perfmon pebs bts rep_good nopl xtopology nonstop_tsc aperfmperf eagerfpu pni pclmulqdq dtes64 monitor ds_cpl vmx est tm2 ssse3 cx16 xtpr pdcm pcid sse4_1 sse4_2 x2apic popcnt tsc_deadline_timer aes xsave avx f16c rdrand lahf_lm ida arat epb xsaveopt pln pts dtherm tpr_shadow vnmi flexpriority ept vpid fsgsbase smep erms
bogomips	: 3392.49
clflush size	: 64
cache_alignment	: 64
address sizes	: 36 bits physical, 48 bits virtual
power management:

processor	: 2
vendor_id	: GenuineIntel
cpu family	: 6
model		: 58
model name	: Intel(R) Core(TM) i5-3317U CPU @ 1.70GHz
stepping	: 9
microcode	: 0x15
cpu MHz		: 1701.000
cache size	: 3072 KB
physical id	: 0
siblings	: 4
core id		: 0
cpu cores	: 2
apicid		: 1
initial apicid	: 1
fpu		: yes
fpu_exception	: yes
cpuid level	: 13
wp		: yes
flags		: fpu vme de pse tsc msr pae mce cx8 apic sep mtrr pge mca cmov pat pse36 clflush dts acpi mmx fxsr sse sse2 ss ht tm pbe syscall nx rdtscp lm constant_tsc arch_perfmon pebs bts rep_good nopl xtopology nonstop_tsc aperfmperf eagerfpu pni pclmulqdq dtes64 monitor ds_cpl vmx est tm2 ssse3 cx16 xtpr pdcm pcid sse4_1 sse4_2 x2apic popcnt tsc_deadline_timer aes xsave avx f16c rdrand lahf_lm ida arat epb xsaveopt pln pts dtherm tpr_shadow vnmi flexpriority ept vpid fsgsbase smep erms
bogomips	: 3392.49
clflush size	: 64
cache_alignment	: 64
address sizes	: 36 bits physical, 48 bits virtual
power management:

processor	: 3
vendor_id	: GenuineIntel
cpu family	: 6
model		: 58
model name	: Intel(R) Core(TM) i5-3317U CPU @ 1.70GHz
stepping	: 9
microcode	: 0x15
cpu MHz		: 1701.000
cache size	: 3072 KB
physical id	: 0
siblings	: 4
core id		: 1
cpu cores	: 2
apicid		: 3
initial apicid	: 3
fpu		: yes
fpu_exception	: yes
cpuid level	: 13
wp		: yes
flags		: fpu vme de pse tsc msr pae mce cx8 apic sep mtrr pge mca cmov pat pse36 clflush dts acpi mmx fxsr sse sse2 ss ht tm pbe syscall nx rdtscp lm constant_tsc arch_perfmon pebs bts rep_good nopl xtopology nonstop_tsc aperfmperf eagerfpu pni pclmulqdq dtes64 monitor ds_cpl vmx est tm2 ssse3 cx16 xtpr pdcm pcid sse4_1 sse4_2 x2apic popcnt tsc_deadline_timer aes xsave avx f16c rdrand lahf_lm ida arat epb xsaveopt pln pts dtherm tpr_shadow vnmi flexpriority ept vpid fsgsbase smep erms
bogomips	: 3392.49
clflush size	: 64
cache_alignment	: 64
address sizes	: 36 bits physical, 48 bits virtual
power management:



Memory: 4k page, physical 3931260k(273380k free), swap 4589564k(4495300k free)

vm_info: Java HotSpot(TM) 64-Bit Server VM (24.45-b08) for linux-amd64 JRE (1.7.0_45-b18), built on Oct  8 2013 05:44:25 by "java_re" with gcc 4.3.0 20080428 (Red Hat 4.3.0-8)

time: Fri May 30 15:09:12 2014
elapsed time: 68 seconds

