#
# A fatal error has been detected by the Java Runtime Environment:
#
#  SIGSEGV (0xb) at pc=0x00007fe0f48691c7, pid=19241, tid=140604117726976
#
# JRE version: Java(TM) SE Runtime Environment (7.0_45-b18) (build 1.7.0_45-b18)
# Java VM: Java HotSpot(TM) 64-Bit Server VM (24.45-b08 mixed mode linux-amd64 compressed oops)
# Problematic frame:
# V  [libjvm.so+0x87b1c7]  oopDesc* PSPromotionManager::copy_to_survivor_space<false>(oopDesc*)+0x177
#
# Failed to write core dump. Core dumps have been disabled. To enable core dumping, try "ulimit -c unlimited" before starting Java again
#
# If you would like to submit a bug report, please visit:
#   http://bugreport.sun.com/bugreport/crash.jsp
#

---------------  T H R E A D  ---------------

Current thread (0x00007fe0ec021800):  GCTaskThread [stack: 0x00007fe0f26db000,0x00007fe0f27dc000] [id=19248]

siginfo:si_signo=SIGSEGV: si_errno=0, si_code=1 (SEGV_MAPERR), si_addr=0x0000000000000018

Registers:
RAX=0x00007fe0f4e006a0, RBX=0x00000000ecf2b318, RCX=0x0000000000000000, RDX=0x0000000000000000
RSP=0x00007fe0f27daba0, RBP=0x00007fe0f27dac10, RSI=0x00000000ee961740, RDI=0x0000000000000010
R8 =0x0000000000000001, R9 =0x00007fe0f4e1be58, R10=0x00000000ecf2b378, R11=0x00007fe0f4fdc930
R12=0x00000000ee961740, R13=0x0000000000000000, R14=0x0000000000000000, R15=0x00007fe0ec067690
RIP=0x00007fe0f48691c7, EFLAGS=0x0000000000010246, CSGSFS=0x0000000000000033, ERR=0x0000000000000004
  TRAPNO=0x000000000000000e

Top of Stack: (sp=0x00007fe0f27daba0)
0x00007fe0f27daba0:   00007fe0f27dac20 00007fe0f4e1be58
0x00007fe0f27dabb0:   0000000000000020 00007fe0ec067620
0x00007fe0f27dabc0:   00000000ecf82e25 00000000ecf016e8
0x00007fe0f27dabd0:   00000000ecf8c820 0000000000001000
0x00007fe0f27dabe0:   00000000bee3a770 00000000ecf2b318
0x00007fe0f27dabf0:   00007fe0ec067620 00007fe0f4e006a0
0x00007fe0f27dac00:   0000000000000000 00007fe0ec067690
0x00007fe0f27dac10:   00007fe0f27dad00 00007fe0f48689a0
0x00007fe0f27dac20:   00007fe0f27daca0 00007fe0f27dac90
0x00007fe0f27dac30:   00007fe0f27daca0 00007fe0f27dac60
0x00007fe0f27dac40:   00007fe0f27dac70 00007fe0f27dacc0
0x00007fe0f27dac50:   0000000000000000 00007fe0ec0676c0
0x00007fe0f27dac60:   0000000000000070 00007fe0ec067620
0x00007fe0f27dac70:   0000000000000000 00007fe0ec0acd28
0x00007fe0f27dac80:   00000000000000e8 00007fe0ec0acc40
0x00007fe0f27dac90:   00007fe0f27dad60 00007fe0ec063340
0x00007fe0f27daca0:   00007fe0f27dacc0 00007fe0f486bf1d
0x00007fe0f27dacb0:   00007fe0ec0220f0 0000000000000010
0x00007fe0f27dacc0:   00000000ecf2b319 00007fe0f465aa4a
0x00007fe0f27dacd0:   00007fe0ec01f660 00007fe0ec027bb0
0x00007fe0f27dace0:   00007fe0ec067620 0000000000000001
0x00007fe0f27dacf0:   00007fe0ec0220f0 00007fe0f49f313f
0x00007fe0f27dad00:   00007fe0f27dadb0 00007fe0f486c472
0x00007fe0f27dad10:   00007fe0ec01f640 0000000000000000
0x00007fe0f27dad20:   00007fe0f27dad70 00007fe0f47c4f2e
0x00007fe0f27dad30:   00007fe0ec01f640 00007fe0ec021800
0x00007fe0f27dad40:   00007fe0f4ddd690 0000000000000000
0x00007fe0f27dad50:   0000000000000000 00007fe0ec067620
0x00007fe0f27dad60:   00007fe0f4ddd4b0 00007fe0ec027b00
0x00007fe0f27dad70:   0000000000000000 00007fe0ec067620
0x00007fe0f27dad80:   00007fe0f27dadb0 00007fe0ec027bb0
0x00007fe0f27dad90:   00007fe0ec021800 0000000000000001 

Instructions: (pc=0x00007fe0f48691c7)
0x00007fe0f48691a7:   83 f8 05 75 d3 31 db eb d6 48 8b 05 c1 a7 57 00
0x00007fe0f48691b7:   8b 56 08 8b 48 08 48 d3 e2 48 03 10 48 8d 7a 10
0x00007fe0f48691c7:   8b 77 08 83 fe 00 0f 8f db fe ff ff 0f 85 07 03
0x00007fe0f48691d7:   00 00 0f 1f 80 00 00 00 00 48 8b 07 4c 89 e6 4c 

Register to memory mapping:

RAX=0x00007fe0f4e006a0: <offset 0xe126a0> in /usr/lib/jvm/java-7-oracle-amd64/jre/lib/amd64/server/libjvm.so at 0x00007fe0f3fee000
RBX=0x00000000ecf2b318 is an unknown value
RCX=0x0000000000000000 is an unknown value
RDX=0x0000000000000000 is an unknown value
RSP=0x00007fe0f27daba0 is an unknown value
RBP=0x00007fe0f27dac10 is an unknown value
RSI=0x00000000ee961740 is an unallocated location in the heap
RDI=0x0000000000000010 is an unknown value
R8 =0x0000000000000001 is an unknown value
R9 =0x00007fe0f4e1be58: <offset 0xe2de58> in /usr/lib/jvm/java-7-oracle-amd64/jre/lib/amd64/server/libjvm.so at 0x00007fe0f3fee000
R10=0x00000000ecf2b378 is an oop
java.util.HashMap 
 - klass: 'java/util/HashMap'
R11=0x00007fe0f4fdc930: <offset 0x188930> in /lib/x86_64-linux-gnu/libc.so.6 at 0x00007fe0f4e54000
R12=0x00000000ee961740 is an unallocated location in the heap
R13=0x0000000000000000 is an unknown value
R14=0x0000000000000000 is an unknown value
R15=0x00007fe0ec067690 is an unknown value


Stack: [0x00007fe0f26db000,0x00007fe0f27dc000],  sp=0x00007fe0f27daba0,  free space=1022k
Native frames: (J=compiled Java code, j=interpreted, Vv=VM code, C=native code)
V  [libjvm.so+0x87b1c7]  oopDesc* PSPromotionManager::copy_to_survivor_space<false>(oopDesc*)+0x177
V  [libjvm.so+0x87a9a0]  PSPromotionManager::drain_stacks_depth(bool)+0x7c0
V  [libjvm.so+0x87e472]  ScavengeRootsTask::do_it(GCTaskManager*, unsigned int)+0x92
V  [libjvm.so+0x550f8f]  GCTaskThread::run()+0x12f
V  [libjvm.so+0x815288]  java_start(Thread*)+0x108


---------------  P R O C E S S  ---------------

Java Threads: ( => current thread )
  0x00007fe09c001000 JavaThread "Unknown thread" [_thread_blocked, id=19266, stack(0x00007fe0a37ff000,0x00007fe0a4000000)]
  0x00007fe0eea01000 JavaThread "AWT-EventQueue-0" [_thread_blocked, id=19270, stack(0x00007fe0a34fc000,0x00007fe0a35fd000)]
  0x00007fe0eea00000 JavaThread "AWT-Shutdown" [_thread_blocked, id=19269, stack(0x00007fe0a35fd000,0x00007fe0a36fe000)]
  0x00007fe0ee9d2000 JavaThread "AWT-XAWT" daemon [_thread_in_native, id=19268, stack(0x00007fe0a36fe000,0x00007fe0a37ff000)]
  0x00007fe0ee9aa000 JavaThread "Java2D Disposer" daemon [_thread_blocked, id=19267, stack(0x00007fe0b441b000,0x00007fe0b451c000)]
  0x00007fe0ec096800 JavaThread "Service Thread" daemon [_thread_blocked, id=19258, stack(0x00007fe0db27c000,0x00007fe0db37d000)]
  0x00007fe0ec094800 JavaThread "C2 CompilerThread1" daemon [_thread_blocked, id=19257, stack(0x00007fe0db37d000,0x00007fe0db47e000)]
  0x00007fe0ec091800 JavaThread "C2 CompilerThread0" daemon [_thread_blocked, id=19256, stack(0x00007fe0db47e000,0x00007fe0db57f000)]
  0x00007fe0ec087000 JavaThread "Signal Dispatcher" daemon [_thread_blocked, id=19255, stack(0x00007fe0db57f000,0x00007fe0db680000)]
  0x00007fe0ec070000 JavaThread "Finalizer" daemon [_thread_blocked, id=19254, stack(0x00007fe0dbbfc000,0x00007fe0dbcfd000)]
  0x00007fe0ec06c000 JavaThread "Reference Handler" daemon [_thread_blocked, id=19253, stack(0x00007fe0dbcfd000,0x00007fe0dbdfe000)]
  0x00007fe0ec00a000 JavaThread "main" [_thread_blocked, id=19244, stack(0x00007fe0f5945000,0x00007fe0f5a46000)]

Other Threads:
  0x00007fe0ec069800 VMThread [stack: 0x00007fe0dbdfe000,0x00007fe0dbeff000] [id=19252]
  0x00007fe0ec0a1000 WatcherThread [stack: 0x00007fe0db17b000,0x00007fe0db27c000] [id=19259]

=>0x00007fe0ec021800 (exited) GCTaskThread [stack: 0x00007fe0f26db000,0x00007fe0f27dc000] [id=19248]

VM state:at safepoint (normal execution)

VM Mutex/Monitor currently owned by a thread:  ([mutex/lock_event])
[0x00007fe0ec0064d0] Threads_lock - owner thread: 0x00007fe0ec069800
[0x00007fe0ec0069d0] Heap_lock - owner thread: 0x00007fe09c001000

Heap
 PSYoungGen      total 17920K, used 15360K [0x00000000ec000000, 0x00000000ed400000, 0x0000000100000000)
  eden space 15360K, 100% used [0x00000000ec000000,0x00000000ecf00000,0x00000000ecf00000)
  from space 2560K, 0% used [0x00000000ed180000,0x00000000ed180000,0x00000000ed400000)
  to   space 2560K, 41% used [0x00000000ecf00000,0x00000000ed00c820,0x00000000ed180000)
 ParOldGen       total 40960K, used 8K [0x00000000c4000000, 0x00000000c6800000, 0x00000000ec000000)
  object space 40960K, 0% used [0x00000000c4000000,0x00000000c4002000,0x00000000c6800000)
 PSPermGen       total 21504K, used 7716K [0x00000000bee00000, 0x00000000c0300000, 0x00000000c4000000)
  object space 21504K, 35% used [0x00000000bee00000,0x00000000bf589318,0x00000000c0300000)

Card table byte_map: [0x00007fe0f2a46000,0x00007fe0f2c50000] byte_map_base: 0x00007fe0f244f000

Polling page: 0x00007fe0f5a72000

Code Cache  [0x00007fe0e9000000, 0x00007fe0e9270000, 0x00007fe0ec000000)
 total_blobs=419 nmethods=27 adapters=346 free_code_cache=48597Kb largest_free_block=49746624

Compilation events (10 events):
Event: 3,892 Thread 0x00007fe0ec094800   23             java.util.Arrays::binarySearch0 (95 bytes)
Event: 3,895 Thread 0x00007fe0ec094800 nmethod 23 0x00007fe0e9082890 code [0x00007fe0e90829e0, 0x00007fe0e9082b98]
Event: 3,898 Thread 0x00007fe0ec091800   24  s          it.polito.computervision.controller.Main::paint (320 bytes)
Event: 3,940 Thread 0x00007fe0ec091800 nmethod 24 0x00007fe0e9089a10 code [0x00007fe0e9089c20, 0x00007fe0e908aa00]
Event: 3,940 Thread 0x00007fe0ec094800   25 %s          it.polito.computervision.controller.Main::paint @ 106 (320 bytes)
Event: 3,967 Thread 0x00007fe0ec094800 nmethod 25% 0x00007fe0e908b3d0 code [0x00007fe0e908b580, 0x00007fe0e908c218]
Event: 3,968 Thread 0x00007fe0ec091800   26             java.awt.image.BufferedImage::setRGB (86 bytes)
Event: 3,979 Thread 0x00007fe0ec091800 nmethod 26 0x00007fe0e9084a50 code [0x00007fe0e9084be0, 0x00007fe0e90851e8]
Event: 3,986 Thread 0x00007fe0ec094800   27             java.awt.image.DirectColorModel::getDataElements (951 bytes)
Event: 4,044 Thread 0x00007fe0ec094800 nmethod 27 0x00007fe0e908c810 code [0x00007fe0e908cac0, 0x00007fe0e908dea8]

GC Heap History (1 events):
Event: 4,058 GC heap before
{Heap before GC invocations=1 (full 0):
 PSYoungGen      total 17920K, used 15360K [0x00000000ec000000, 0x00000000ed400000, 0x0000000100000000)
  eden space 15360K, 100% used [0x00000000ec000000,0x00000000ecf00000,0x00000000ecf00000)
  from space 2560K, 0% used [0x00000000ed180000,0x00000000ed180000,0x00000000ed400000)
  to   space 2560K, 0% used [0x00000000ecf00000,0x00000000ecf00000,0x00000000ed180000)
 ParOldGen       total 40960K, used 0K [0x00000000c4000000, 0x00000000c6800000, 0x00000000ec000000)
  object space 40960K, 0% used [0x00000000c4000000,0x00000000c4000000,0x00000000c6800000)
 PSPermGen       total 21504K, used 7716K [0x00000000bee00000, 0x00000000c0300000, 0x00000000c4000000)
  object space 21504K, 35% used [0x00000000bee00000,0x00000000bf589318,0x00000000c0300000)

Deoptimization events (2 events):
Event: 3,896 Thread 0x00007fe0eea01000 Uncommon trap: reason=unreached action=reinterpret pc=0x00007fe0e90811a8 method=it.polito.computervision.controller.Main.paint(Ljava/awt/Graphics;)V @ 316
Event: 3,979 Thread 0x00007fe0eea01000 Uncommon trap: reason=unreached action=reinterpret pc=0x00007fe0e90889cc method=java.awt.image.DirectColorModel.getDataElements(ILjava/lang/Object;)Ljava/lang/Object; @ 11

Internal exceptions (10 events):
Event: 3,477 Thread 0x00007fe09c001000 Threw 0x00000000ec0f2708 at /HUDSON/workspace/7u-2-build-linux-amd64/jdk7u45/229/hotspot/src/share/vm/prims/jvm.cpp:1244
Event: 3,477 Thread 0x00007fe09c001000 Threw 0x00000000ec0f55b0 at /HUDSON/workspace/7u-2-build-linux-amd64/jdk7u45/229/hotspot/src/share/vm/prims/jvm.cpp:1244
Event: 3,478 Thread 0x00007fe09c001000 Threw 0x00000000ec0f8f90 at /HUDSON/workspace/7u-2-build-linux-amd64/jdk7u45/229/hotspot/src/share/vm/prims/jvm.cpp:1244
Event: 3,479 Thread 0x00007fe09c001000 Threw 0x00000000ec0fc310 at /HUDSON/workspace/7u-2-build-linux-amd64/jdk7u45/229/hotspot/src/share/vm/prims/jvm.cpp:1244
Event: 3,485 Thread 0x00007fe0ec00a000 Threw 0x00000000ec0d9ec0 at /HUDSON/workspace/7u-2-build-linux-amd64/jdk7u45/229/hotspot/src/share/vm/prims/jvm.cpp:1244
Event: 3,486 Thread 0x00007fe0ec00a000 Threw 0x00000000ec0dc688 at /HUDSON/workspace/7u-2-build-linux-amd64/jdk7u45/229/hotspot/src/share/vm/prims/jvm.cpp:1244
Event: 3,524 Thread 0x00007fe094001000 Threw 0x00000000ec1cefa0 at /HUDSON/workspace/7u-2-build-linux-amd64/jdk7u45/229/hotspot/src/share/vm/prims/jvm.cpp:1244
Event: 3,613 Thread 0x00007fe0ec00a000 Threw 0x00000000ec400e30 at /HUDSON/workspace/7u-2-build-linux-amd64/jdk7u45/229/hotspot/src/share/vm/prims/jvm.cpp:1244
Event: 3,614 Thread 0x00007fe0ec00a000 Threw 0x00000000ec403850 at /HUDSON/workspace/7u-2-build-linux-amd64/jdk7u45/229/hotspot/src/share/vm/prims/jvm.cpp:1244
Event: 3,979 Thread 0x00007fe0eea01000 Implicit null exception at 0x00007fe0e9087778 to 0x00007fe0e90889b9

Events (10 events):
Event: 4,023 Thread 0x00007fe094001000 Thread exited: 0x00007fe094001000
Event: 4,053 Thread 0x00007fe094001000 Thread added: 0x00007fe094001000
Event: 4,054 Thread 0x00007fe094001000 Thread exited: 0x00007fe094001000
Event: 4,057 Thread 0x00007fe09c001000 Thread exited: 0x00007fe09c001000
Event: 4,057 loading class 0x00007fe0c40220e0
Event: 4,057 loading class 0x00007fe0c40b9140
Event: 4,057 loading class 0x00007fe0c40b9140 done
Event: 4,057 loading class 0x00007fe0c40220e0 done
Event: 4,058 Thread 0x00007fe09c001000 Thread added: 0x00007fe09c001000
Event: 4,058 Executing VM operation: ParallelGCFailedAllocation


Dynamic libraries:
00400000-00401000 r-xp 00000000 08:03 1318634                            /usr/lib/jvm/java-7-oracle-amd64/bin/java
00600000-00601000 rw-p 00000000 08:03 1318634                            /usr/lib/jvm/java-7-oracle-amd64/bin/java
0082d000-0084e000 rw-p 00000000 00:00 0                                  [heap]
bee00000-c0300000 rw-p 00000000 00:00 0 
c0300000-c4000000 rw-p 00000000 00:00 0 
c4000000-c6800000 rw-p 00000000 00:00 0 
c6800000-ec000000 rw-p 00000000 00:00 0 
ec000000-ed400000 rw-p 00000000 00:00 0 
ed400000-100000000 rw-p 00000000 00:00 0 
7fe084000000-7fe084021000 rw-p 00000000 00:00 0 
7fe084021000-7fe088000000 ---p 00000000 00:00 0 
7fe08c000000-7fe08c021000 rw-p 00000000 00:00 0 
7fe08c021000-7fe090000000 ---p 00000000 00:00 0 
7fe090000000-7fe090021000 rw-p 00000000 00:00 0 
7fe090021000-7fe094000000 ---p 00000000 00:00 0 
7fe094000000-7fe094021000 rw-p 00000000 00:00 0 
7fe094021000-7fe098000000 ---p 00000000 00:00 0 
7fe098000000-7fe098021000 rw-p 00000000 00:00 0 
7fe098021000-7fe09c000000 ---p 00000000 00:00 0 
7fe09c000000-7fe09c392000 rw-p 00000000 00:00 0 
7fe09c392000-7fe0a0000000 ---p 00000000 00:00 0 
7fe0a33d0000-7fe0a34fc000 rw-s 00000000 00:04 19759127                   /SYSV00000000 (deleted)
7fe0a34fc000-7fe0a34ff000 ---p 00000000 00:00 0 
7fe0a34ff000-7fe0a35fd000 rw-p 00000000 00:00 0                          [stack:19270]
7fe0a35fd000-7fe0a3600000 ---p 00000000 00:00 0 
7fe0a3600000-7fe0a36fe000 rw-p 00000000 00:00 0                          [stack:19269]
7fe0a36fe000-7fe0a3701000 ---p 00000000 00:00 0 
7fe0a3701000-7fe0a37ff000 rw-p 00000000 00:00 0                          [stack:19268]
7fe0a37ff000-7fe0a3802000 ---p 00000000 00:00 0 
7fe0a3802000-7fe0a4000000 rw-p 00000000 00:00 0                          [stack:19266]
7fe0a4000000-7fe0a4021000 rw-p 00000000 00:00 0 
7fe0a4021000-7fe0a8000000 ---p 00000000 00:00 0 
7fe0a8000000-7fe0a8021000 rw-p 00000000 00:00 0 
7fe0a8021000-7fe0ac000000 ---p 00000000 00:00 0 
7fe0ac000000-7fe0ac388000 rw-p 00000000 00:00 0 
7fe0ac388000-7fe0b0000000 ---p 00000000 00:00 0 
7fe0b0000000-7fe0b0021000 rw-p 00000000 00:00 0 
7fe0b0021000-7fe0b4000000 ---p 00000000 00:00 0 
7fe0b400b000-7fe0b4010000 r-xp 00000000 08:03 923565                     /usr/lib/x86_64-linux-gnu/libXfixes.so.3.1.0
7fe0b4010000-7fe0b420f000 ---p 00005000 08:03 923565                     /usr/lib/x86_64-linux-gnu/libXfixes.so.3.1.0
7fe0b420f000-7fe0b4210000 r--p 00004000 08:03 923565                     /usr/lib/x86_64-linux-gnu/libXfixes.so.3.1.0
7fe0b4210000-7fe0b4211000 rw-p 00005000 08:03 923565                     /usr/lib/x86_64-linux-gnu/libXfixes.so.3.1.0
7fe0b4211000-7fe0b421a000 r-xp 00000000 08:03 918923                     /usr/lib/x86_64-linux-gnu/libXcursor.so.1.0.2
7fe0b421a000-7fe0b4419000 ---p 00009000 08:03 918923                     /usr/lib/x86_64-linux-gnu/libXcursor.so.1.0.2
7fe0b4419000-7fe0b441a000 r--p 00008000 08:03 918923                     /usr/lib/x86_64-linux-gnu/libXcursor.so.1.0.2
7fe0b441a000-7fe0b441b000 rw-p 00009000 08:03 918923                     /usr/lib/x86_64-linux-gnu/libXcursor.so.1.0.2
7fe0b441b000-7fe0b441e000 ---p 00000000 00:00 0 
7fe0b441e000-7fe0b4775000 rw-p 00000000 00:00 0                          [stack:19267]
7fe0b4775000-7fe0b4778000 ---p 00000000 00:00 0 
7fe0b4778000-7fe0b4f76000 rw-p 00000000 00:00 0                          [stack:19265]
7fe0b4f76000-7fe0b5440000 r-xp 00000000 08:03 796718                     /opt/kinect/nite/Redist/libNiTE2.so
7fe0b5440000-7fe0b5640000 ---p 004ca000 08:03 796718                     /opt/kinect/nite/Redist/libNiTE2.so
7fe0b5640000-7fe0b564c000 r--p 004ca000 08:03 796718                     /opt/kinect/nite/Redist/libNiTE2.so
7fe0b564c000-7fe0b564e000 rw-p 004d6000 08:03 796718                     /opt/kinect/nite/Redist/libNiTE2.so
7fe0b564e000-7fe0b5656000 rw-p 00000000 00:00 0 
7fe0b5656000-7fe0b565d000 r-xp 00000000 08:04 4196212                    /home/giovanni/git/ProgettoCV/ProgettoCV/lib/NiTE/libNiTE2.jni.so
7fe0b565d000-7fe0b585c000 ---p 00007000 08:04 4196212                    /home/giovanni/git/ProgettoCV/ProgettoCV/lib/NiTE/libNiTE2.jni.so
7fe0b585c000-7fe0b585d000 r--p 00006000 08:04 4196212                    /home/giovanni/git/ProgettoCV/ProgettoCV/lib/NiTE/libNiTE2.jni.so
7fe0b585d000-7fe0b585e000 rw-p 00007000 08:04 4196212                    /home/giovanni/git/ProgettoCV/ProgettoCV/lib/NiTE/libNiTE2.jni.so
7fe0b585e000-7fe0b585f000 ---p 00000000 00:00 0 
7fe0b585f000-7fe0b605f000 rw-p 00000000 00:00 0                          [stack:19264]
7fe0b605f000-7fe0b60b7000 r-xp 00000000 08:03 672654                     /opt/kinect/openni/Redist/OpenNI2/Drivers/libPSLink.so
7fe0b60b7000-7fe0b62b7000 ---p 00058000 08:03 672654                     /opt/kinect/openni/Redist/OpenNI2/Drivers/libPSLink.so
7fe0b62b7000-7fe0b62bc000 r--p 00058000 08:03 672654                     /opt/kinect/openni/Redist/OpenNI2/Drivers/libPSLink.so
7fe0b62bc000-7fe0b62bd000 rw-p 0005d000 08:03 672654                     /opt/kinect/openni/Redist/OpenNI2/Drivers/libPSLink.so
7fe0b62bd000-7fe0b62be000 rw-p 00000000 00:00 0 
7fe0b62be000-7fe0b62bf000 ---p 00000000 00:00 0 
7fe0b62bf000-7fe0b6abf000 rw-p 00000000 00:00 0                          [stack:19263]
7fe0b6abf000-7fe0b6b69000 r-xp 00000000 08:03 672655                     /opt/kinect/openni/Redist/OpenNI2/Drivers/libPS1080.so
7fe0b6b69000-7fe0b6d68000 ---p 000aa000 08:03 672655                     /opt/kinect/openni/Redist/OpenNI2/Drivers/libPS1080.so
7fe0b6d68000-7fe0b6d6d000 r--p 000a9000 08:03 672655                     /opt/kinect/openni/Redist/OpenNI2/Drivers/libPS1080.so
7fe0b6d6d000-7fe0b6d71000 rw-p 000ae000 08:03 672655                     /opt/kinect/openni/Redist/OpenNI2/Drivers/libPS1080.so
7fe0b6d71000-7fe0b6d92000 rw-p 00000000 00:00 0 
7fe0b6d92000-7fe0b6ddc000 r-xp 00000000 08:03 672657                     /opt/kinect/openni/Redist/OpenNI2/Drivers/libOniFile.so
7fe0b6ddc000-7fe0b6fdb000 ---p 0004a000 08:03 672657                     /opt/kinect/openni/Redist/OpenNI2/Drivers/libOniFile.so
7fe0b6fdb000-7fe0b6fdd000 r--p 00049000 08:03 672657                     /opt/kinect/openni/Redist/OpenNI2/Drivers/libOniFile.so
7fe0b6fdd000-7fe0b6fde000 rw-p 0004b000 08:03 672657                     /opt/kinect/openni/Redist/OpenNI2/Drivers/libOniFile.so
7fe0b6fde000-7fe0b6ffe000 rw-p 00000000 00:00 0 
7fe0b6ffe000-7fe0b6fff000 ---p 00000000 00:00 0 
7fe0b6fff000-7fe0b77ff000 rw-p 00000000 00:00 0                          [stack:19262]
7fe0b77ff000-7fe0b7800000 ---p 00000000 00:00 0 
7fe0b7800000-7fe0b8000000 rw-p 00000000 00:00 0                          [stack:19261]
7fe0b8000000-7fe0b8260000 rw-p 00000000 00:00 0 
7fe0b8260000-7fe0bc000000 ---p 00000000 00:00 0 
7fe0bc000000-7fe0bc021000 rw-p 00000000 00:00 0 
7fe0bc021000-7fe0c0000000 ---p 00000000 00:00 0 
7fe0c0000000-7fe0c0021000 rw-p 00000000 00:00 0 
7fe0c0021000-7fe0c4000000 ---p 00000000 00:00 0 
7fe0c4000000-7fe0c42da000 rw-p 00000000 00:00 0 
7fe0c42da000-7fe0c8000000 ---p 00000000 00:00 0 
7fe0c8000000-7fe0c8021000 rw-p 00000000 00:00 0 
7fe0c8021000-7fe0cc000000 ---p 00000000 00:00 0 
7fe0cc000000-7fe0cc021000 rw-p 00000000 00:00 0 
7fe0cc021000-7fe0d0000000 ---p 00000000 00:00 0 
7fe0d0000000-7fe0d0021000 rw-p 00000000 00:00 0 
7fe0d0021000-7fe0d4000000 ---p 00000000 00:00 0 
7fe0d4000000-7fe0d4021000 rw-p 00000000 00:00 0 
7fe0d4021000-7fe0d8000000 ---p 00000000 00:00 0 
7fe0d8058000-7fe0d809c000 r-xp 00000000 08:03 392540                     /lib/x86_64-linux-gnu/libdbus-1.so.3.7.6
7fe0d809c000-7fe0d829b000 ---p 00044000 08:03 392540                     /lib/x86_64-linux-gnu/libdbus-1.so.3.7.6
7fe0d829b000-7fe0d829c000 r--p 00043000 08:03 392540                     /lib/x86_64-linux-gnu/libdbus-1.so.3.7.6
7fe0d829c000-7fe0d829d000 rw-p 00044000 08:03 392540                     /lib/x86_64-linux-gnu/libdbus-1.so.3.7.6
7fe0d829d000-7fe0d82a5000 r-xp 00000000 08:03 393570                     /lib/x86_64-linux-gnu/libnih-dbus.so.1.0.0
7fe0d82a5000-7fe0d84a5000 ---p 00008000 08:03 393570                     /lib/x86_64-linux-gnu/libnih-dbus.so.1.0.0
7fe0d84a5000-7fe0d84a6000 r--p 00008000 08:03 393570                     /lib/x86_64-linux-gnu/libnih-dbus.so.1.0.0
7fe0d84a6000-7fe0d84a7000 rw-p 00009000 08:03 393570                     /lib/x86_64-linux-gnu/libnih-dbus.so.1.0.0
7fe0d84a7000-7fe0d84be000 r-xp 00000000 08:03 396399                     /lib/x86_64-linux-gnu/libnih.so.1.0.0
7fe0d84be000-7fe0d86bd000 ---p 00017000 08:03 396399                     /lib/x86_64-linux-gnu/libnih.so.1.0.0
7fe0d86bd000-7fe0d86be000 r--p 00016000 08:03 396399                     /lib/x86_64-linux-gnu/libnih.so.1.0.0
7fe0d86be000-7fe0d86bf000 rw-p 00017000 08:03 396399                     /lib/x86_64-linux-gnu/libnih.so.1.0.0
7fe0d86bf000-7fe0d86d8000 r-xp 00000000 08:03 411518                     /lib/x86_64-linux-gnu/libcgmanager.so.0.0.0
7fe0d86d8000-7fe0d88d7000 ---p 00019000 08:03 411518                     /lib/x86_64-linux-gnu/libcgmanager.so.0.0.0
7fe0d88d7000-7fe0d88d9000 r--p 00018000 08:03 411518                     /lib/x86_64-linux-gnu/libcgmanager.so.0.0.0
7fe0d88d9000-7fe0d88da000 rw-p 0001a000 08:03 411518                     /lib/x86_64-linux-gnu/libcgmanager.so.0.0.0
7fe0d88da000-7fe0d88ea000 r-xp 00000000 08:03 392504                     /lib/x86_64-linux-gnu/libudev.so.1.3.5
7fe0d88ea000-7fe0d8ae9000 ---p 00010000 08:03 392504                     /lib/x86_64-linux-gnu/libudev.so.1.3.5
7fe0d8ae9000-7fe0d8aea000 r--p 0000f000 08:03 392504                     /lib/x86_64-linux-gnu/libudev.so.1.3.5
7fe0d8aea000-7fe0d8aeb000 rw-p 00010000 08:03 392504                     /lib/x86_64-linux-gnu/libudev.so.1.3.5
7fe0d8aeb000-7fe0d8b00000 r-xp 00000000 08:03 393487                     /lib/x86_64-linux-gnu/libusb-1.0.so.0.1.0
7fe0d8b00000-7fe0d8d00000 ---p 00015000 08:03 393487                     /lib/x86_64-linux-gnu/libusb-1.0.so.0.1.0
7fe0d8d00000-7fe0d8d01000 r--p 00015000 08:03 393487                     /lib/x86_64-linux-gnu/libusb-1.0.so.0.1.0
7fe0d8d01000-7fe0d8d02000 rw-p 00016000 08:03 393487                     /lib/x86_64-linux-gnu/libusb-1.0.so.0.1.0
7fe0d8d02000-7fe0d8d0e000 r-xp 00000000 08:03 797180                     /opt/kinect/freenect/build/lib/libfreenect.so.0.2.0
7fe0d8d0e000-7fe0d8f0d000 ---p 0000c000 08:03 797180                     /opt/kinect/freenect/build/lib/libfreenect.so.0.2.0
7fe0d8f0d000-7fe0d8f0e000 r--p 0000b000 08:03 797180                     /opt/kinect/freenect/build/lib/libfreenect.so.0.2.0
7fe0d8f0e000-7fe0d8f0f000 rw-p 0000c000 08:03 797180                     /opt/kinect/freenect/build/lib/libfreenect.so.0.2.0
7fe0d8f0f000-7fe0d8f24000 r-xp 00000000 08:03 657643                     /opt/kinect/openni/Redist/OpenNI2/Drivers/libFreenectDriver.so
7fe0d8f24000-7fe0d9123000 ---p 00015000 08:03 657643                     /opt/kinect/openni/Redist/OpenNI2/Drivers/libFreenectDriver.so
7fe0d9123000-7fe0d9124000 r--p 00014000 08:03 657643                     /opt/kinect/openni/Redist/OpenNI2/Drivers/libFreenectDriver.so
7fe0d9124000-7fe0d9125000 rw-p 00015000 08:03 657643                     /opt/kinect/openni/Redist/OpenNI2/Drivers/libFreenectDriver.so
7fe0d9125000-7fe0d913b000 r-xp 00000000 08:03 395548                     /lib/x86_64-linux-gnu/libgcc_s.so.1
7fe0d913b000-7fe0d933a000 ---p 00016000 08:03 395548                     /lib/x86_64-linux-gnu/libgcc_s.so.1
7fe0d933a000-7fe0d933b000 rw-p 00015000 08:03 395548                     /lib/x86_64-linux-gnu/libgcc_s.so.1
7fe0d933b000-7fe0d9421000 r-xp 00000000 08:03 949507                     /usr/lib/x86_64-linux-gnu/libstdc++.so.6.0.19
7fe0d9421000-7fe0d9620000 ---p 000e6000 08:03 949507                     /usr/lib/x86_64-linux-gnu/libstdc++.so.6.0.19
7fe0d9620000-7fe0d9628000 r--p 000e5000 08:03 949507                     /usr/lib/x86_64-linux-gnu/libstdc++.so.6.0.19
7fe0d9628000-7fe0d962a000 rw-p 000ed000 08:03 949507                     /usr/lib/x86_64-linux-gnu/libstdc++.so.6.0.19
7fe0d962a000-7fe0d963f000 rw-p 00000000 00:00 0 
7fe0d963f000-7fe0d9697000 r-xp 00000000 08:03 672649                     /opt/kinect/openni/Redist/libOpenNI2.so
7fe0d9697000-7fe0d9897000 ---p 00058000 08:03 672649                     /opt/kinect/openni/Redist/libOpenNI2.so
7fe0d9897000-7fe0d9899000 r--p 00058000 08:03 672649                     /opt/kinect/openni/Redist/libOpenNI2.so
7fe0d9899000-7fe0d989a000 rw-p 0005a000 08:03 672649                     /opt/kinect/openni/Redist/libOpenNI2.so
7fe0d989a000-7fe0d98bb000 rw-p 00000000 00:00 0 
7fe0d98bb000-7fe0d98c3000 r-xp 00000000 08:04 4196168                    /home/giovanni/git/ProgettoCV/ProgettoCV/lib/OpenNI/libOpenNI2.jni.so
7fe0d98c3000-7fe0d9ac2000 ---p 00008000 08:04 4196168                    /home/giovanni/git/ProgettoCV/ProgettoCV/lib/OpenNI/libOpenNI2.jni.so
7fe0d9ac2000-7fe0d9ac3000 r--p 00007000 08:04 4196168                    /home/giovanni/git/ProgettoCV/ProgettoCV/lib/OpenNI/libOpenNI2.jni.so
7fe0d9ac3000-7fe0d9ac4000 rw-p 00008000 08:04 4196168                    /home/giovanni/git/ProgettoCV/ProgettoCV/lib/OpenNI/libOpenNI2.jni.so
7fe0d9ac4000-7fe0d9ac9000 r-xp 00000000 08:03 924032                     /usr/lib/x86_64-linux-gnu/libXdmcp.so.6.0.0
7fe0d9ac9000-7fe0d9cc8000 ---p 00005000 08:03 924032                     /usr/lib/x86_64-linux-gnu/libXdmcp.so.6.0.0
7fe0d9cc8000-7fe0d9cc9000 r--p 00004000 08:03 924032                     /usr/lib/x86_64-linux-gnu/libXdmcp.so.6.0.0
7fe0d9cc9000-7fe0d9cca000 rw-p 00005000 08:03 924032                     /usr/lib/x86_64-linux-gnu/libXdmcp.so.6.0.0
7fe0d9cca000-7fe0d9ccc000 r-xp 00000000 08:03 924464                     /usr/lib/x86_64-linux-gnu/libXau.so.6.0.0
7fe0d9ccc000-7fe0d9ecc000 ---p 00002000 08:03 924464                     /usr/lib/x86_64-linux-gnu/libXau.so.6.0.0
7fe0d9ecc000-7fe0d9ecd000 r--p 00002000 08:03 924464                     /usr/lib/x86_64-linux-gnu/libXau.so.6.0.0
7fe0d9ecd000-7fe0d9ece000 rw-p 00003000 08:03 924464                     /usr/lib/x86_64-linux-gnu/libXau.so.6.0.0
7fe0d9ece000-7fe0d9eeb000 r-xp 00000000 08:03 921915                     /usr/lib/x86_64-linux-gnu/libxcb.so.1.1.0
7fe0d9eeb000-7fe0da0eb000 ---p 0001d000 08:03 921915                     /usr/lib/x86_64-linux-gnu/libxcb.so.1.1.0
7fe0da0eb000-7fe0da0ec000 r--p 0001d000 08:03 921915                     /usr/lib/x86_64-linux-gnu/libxcb.so.1.1.0
7fe0da0ec000-7fe0da0ed000 rw-p 0001e000 08:03 921915                     /usr/lib/x86_64-linux-gnu/libxcb.so.1.1.0
7fe0da0ed000-7fe0da0fc000 r-xp 00000000 08:03 917958                     /usr/lib/x86_64-linux-gnu/libXi.so.6.1.0
7fe0da0fc000-7fe0da2fb000 ---p 0000f000 08:03 917958                     /usr/lib/x86_64-linux-gnu/libXi.so.6.1.0
7fe0da2fb000-7fe0da2fc000 r--p 0000e000 08:03 917958                     /usr/lib/x86_64-linux-gnu/libXi.so.6.1.0
7fe0da2fc000-7fe0da2fd000 rw-p 0000f000 08:03 917958                     /usr/lib/x86_64-linux-gnu/libXi.so.6.1.0
7fe0da2fd000-7fe0da302000 r-xp 00000000 08:03 924062                     /usr/lib/x86_64-linux-gnu/libXtst.so.6.1.0
7fe0da302000-7fe0da501000 ---p 00005000 08:03 924062                     /usr/lib/x86_64-linux-gnu/libXtst.so.6.1.0
7fe0da501000-7fe0da502000 r--p 00004000 08:03 924062                     /usr/lib/x86_64-linux-gnu/libXtst.so.6.1.0
7fe0da502000-7fe0da503000 rw-p 00005000 08:03 924062                     /usr/lib/x86_64-linux-gnu/libXtst.so.6.1.0
7fe0da503000-7fe0da50c000 r-xp 00000000 08:03 917960                     /usr/lib/x86_64-linux-gnu/libXrender.so.1.3.0
7fe0da50c000-7fe0da70b000 ---p 00009000 08:03 917960                     /usr/lib/x86_64-linux-gnu/libXrender.so.1.3.0
7fe0da70b000-7fe0da70c000 r--p 00008000 08:03 917960                     /usr/lib/x86_64-linux-gnu/libXrender.so.1.3.0
7fe0da70c000-7fe0da70d000 rw-p 00009000 08:03 917960                     /usr/lib/x86_64-linux-gnu/libXrender.so.1.3.0
7fe0da70d000-7fe0da83d000 r-xp 00000000 08:03 921946                     /usr/lib/x86_64-linux-gnu/libX11.so.6.3.0
7fe0da83d000-7fe0daa3d000 ---p 00130000 08:03 921946                     /usr/lib/x86_64-linux-gnu/libX11.so.6.3.0
7fe0daa3d000-7fe0daa3e000 r--p 00130000 08:03 921946                     /usr/lib/x86_64-linux-gnu/libX11.so.6.3.0
7fe0daa3e000-7fe0daa42000 rw-p 00131000 08:03 921946                     /usr/lib/x86_64-linux-gnu/libX11.so.6.3.0
7fe0daa42000-7fe0daa53000 r-xp 00000000 08:03 917822                     /usr/lib/x86_64-linux-gnu/libXext.so.6.4.0
7fe0daa53000-7fe0dac52000 ---p 00011000 08:03 917822                     /usr/lib/x86_64-linux-gnu/libXext.so.6.4.0
7fe0dac52000-7fe0dac53000 r--p 00010000 08:03 917822                     /usr/lib/x86_64-linux-gnu/libXext.so.6.4.0
7fe0dac53000-7fe0dac54000 rw-p 00011000 08:03 917822                     /usr/lib/x86_64-linux-gnu/libXext.so.6.4.0
7fe0dac54000-7fe0daca4000 r-xp 00000000 08:03 1318612                    /usr/lib/jvm/java-7-oracle-amd64/jre/lib/amd64/xawt/libmawt.so
7fe0daca4000-7fe0daea4000 ---p 00050000 08:03 1318612                    /usr/lib/jvm/java-7-oracle-amd64/jre/lib/amd64/xawt/libmawt.so
7fe0daea4000-7fe0daea8000 rw-p 00050000 08:03 1318612                    /usr/lib/jvm/java-7-oracle-amd64/jre/lib/amd64/xawt/libmawt.so
7fe0daea8000-7fe0daea9000 rw-p 00000000 00:00 0 
7fe0daea9000-7fe0daf4b000 r-xp 00000000 08:03 1202838                    /usr/lib/jvm/java-7-oracle-amd64/jre/lib/amd64/libawt.so
7fe0daf4b000-7fe0db14b000 ---p 000a2000 08:03 1202838                    /usr/lib/jvm/java-7-oracle-amd64/jre/lib/amd64/libawt.so
7fe0db14b000-7fe0db157000 rw-p 000a2000 08:03 1202838                    /usr/lib/jvm/java-7-oracle-amd64/jre/lib/amd64/libawt.so
7fe0db157000-7fe0db17b000 rw-p 00000000 00:00 0 
7fe0db17b000-7fe0db17c000 ---p 00000000 00:00 0 
7fe0db17c000-7fe0db27c000 rw-p 00000000 00:00 0                          [stack:19259]
7fe0db27c000-7fe0db27f000 ---p 00000000 00:00 0 
7fe0db27f000-7fe0db37d000 rw-p 00000000 00:00 0                          [stack:19258]
7fe0db37d000-7fe0db380000 ---p 00000000 00:00 0 
7fe0db380000-7fe0db47e000 rw-p 00000000 00:00 0                          [stack:19257]
7fe0db47e000-7fe0db481000 ---p 00000000 00:00 0 
7fe0db481000-7fe0db57f000 rw-p 00000000 00:00 0                          [stack:19256]
7fe0db57f000-7fe0db582000 ---p 00000000 00:00 0 
7fe0db582000-7fe0db680000 rw-p 00000000 00:00 0                          [stack:19255]
7fe0db680000-7fe0dbbfc000 r--p 00000000 08:03 924805                     /usr/lib/locale/locale-archive
7fe0dbbfc000-7fe0dbbff000 ---p 00000000 00:00 0 
7fe0dbbff000-7fe0dbcfd000 rw-p 00000000 00:00 0                          [stack:19254]
7fe0dbcfd000-7fe0dbd00000 ---p 00000000 00:00 0 
7fe0dbd00000-7fe0dbdfe000 rw-p 00000000 00:00 0                          [stack:19253]
7fe0dbdfe000-7fe0dbdff000 ---p 00000000 00:00 0 
7fe0dbdff000-7fe0dc000000 rw-p 00000000 00:00 0                          [stack:19252]
7fe0dc000000-7fe0dc24a000 rw-p 00000000 00:00 0 
7fe0dc24a000-7fe0e0000000 ---p 00000000 00:00 0 
7fe0e0000000-7fe0e0021000 rw-p 00000000 00:00 0 
7fe0e0021000-7fe0e4000000 ---p 00000000 00:00 0 
7fe0e4000000-7fe0e4021000 rw-p 00000000 00:00 0 
7fe0e4021000-7fe0e8000000 ---p 00000000 00:00 0 
7fe0e8036000-7fe0e8e44000 rw-p 00000000 00:00 0 
7fe0e8e44000-7fe0e9000000 r--s 039b2000 08:03 1202859                    /usr/lib/jvm/java-7-oracle-amd64/jre/lib/rt.jar
7fe0e9000000-7fe0e9270000 rwxp 00000000 00:00 0 
7fe0e9270000-7fe0eea0e000 rw-p 00000000 00:00 0 
7fe0eea0e000-7fe0f0000000 ---p 00000000 00:00 0 
7fe0f0034000-7fe0f0057000 r--p 00000000 08:03 1182828                    /usr/share/locale-langpack/it/LC_MESSAGES/libc.mo
7fe0f0057000-7fe0f24d9000 rw-p 00000000 00:00 0 
7fe0f24d9000-7fe0f24da000 ---p 00000000 00:00 0 
7fe0f24da000-7fe0f25da000 rw-p 00000000 00:00 0                          [stack:19250]
7fe0f25da000-7fe0f25db000 ---p 00000000 00:00 0 
7fe0f25db000-7fe0f26db000 rw-p 00000000 00:00 0                          [stack:19249]
7fe0f26db000-7fe0f26dc000 ---p 00000000 00:00 0 
7fe0f26dc000-7fe0f27dc000 rw-p 00000000 00:00 0                          [stack:19248]
7fe0f27dc000-7fe0f27dd000 ---p 00000000 00:00 0 
7fe0f27dd000-7fe0f28e8000 rw-p 00000000 00:00 0                          [stack:19247]
7fe0f28e8000-7fe0f2906000 rw-p 00000000 00:00 0 
7fe0f2906000-7fe0f291a000 rw-p 00000000 00:00 0 
7fe0f291a000-7fe0f2a46000 rw-p 00000000 00:00 0 
7fe0f2a46000-7fe0f2a51000 rw-p 00000000 00:00 0 
7fe0f2a51000-7fe0f2a6f000 rw-p 00000000 00:00 0 
7fe0f2a6f000-7fe0f2a83000 rw-p 00000000 00:00 0 
7fe0f2a83000-7fe0f2baf000 rw-p 00000000 00:00 0 
7fe0f2baf000-7fe0f2bb9000 rw-p 00000000 00:00 0 
7fe0f2bb9000-7fe0f2c4f000 rw-p 00000000 00:00 0 
7fe0f2c4f000-7fe0f2c50000 rw-p 00000000 00:00 0 
7fe0f2c50000-7fe0f2c6a000 r-xp 00000000 08:03 1202835                    /usr/lib/jvm/java-7-oracle-amd64/jre/lib/amd64/libzip.so
7fe0f2c6a000-7fe0f2e6a000 ---p 0001a000 08:03 1202835                    /usr/lib/jvm/java-7-oracle-amd64/jre/lib/amd64/libzip.so
7fe0f2e6a000-7fe0f2e6b000 rw-p 0001a000 08:03 1202835                    /usr/lib/jvm/java-7-oracle-amd64/jre/lib/amd64/libzip.so
7fe0f2e6b000-7fe0f2e76000 r-xp 00000000 08:03 395611                     /lib/x86_64-linux-gnu/libnss_files-2.19.so
7fe0f2e76000-7fe0f3075000 ---p 0000b000 08:03 395611                     /lib/x86_64-linux-gnu/libnss_files-2.19.so
7fe0f3075000-7fe0f3076000 r--p 0000a000 08:03 395611                     /lib/x86_64-linux-gnu/libnss_files-2.19.so
7fe0f3076000-7fe0f3077000 rw-p 0000b000 08:03 395611                     /lib/x86_64-linux-gnu/libnss_files-2.19.so
7fe0f3077000-7fe0f3082000 r-xp 00000000 08:03 395635                     /lib/x86_64-linux-gnu/libnss_nis-2.19.so
7fe0f3082000-7fe0f3281000 ---p 0000b000 08:03 395635                     /lib/x86_64-linux-gnu/libnss_nis-2.19.so
7fe0f3281000-7fe0f3282000 r--p 0000a000 08:03 395635                     /lib/x86_64-linux-gnu/libnss_nis-2.19.so
7fe0f3282000-7fe0f3283000 rw-p 0000b000 08:03 395635                     /lib/x86_64-linux-gnu/libnss_nis-2.19.so
7fe0f3283000-7fe0f329a000 r-xp 00000000 08:03 395624                     /lib/x86_64-linux-gnu/libnsl-2.19.so
7fe0f329a000-7fe0f3499000 ---p 00017000 08:03 395624                     /lib/x86_64-linux-gnu/libnsl-2.19.so
7fe0f3499000-7fe0f349a000 r--p 00016000 08:03 395624                     /lib/x86_64-linux-gnu/libnsl-2.19.so
7fe0f349a000-7fe0f349b000 rw-p 00017000 08:03 395624                     /lib/x86_64-linux-gnu/libnsl-2.19.so
7fe0f349b000-7fe0f349d000 rw-p 00000000 00:00 0 
7fe0f349d000-7fe0f34a6000 r-xp 00000000 08:03 395637                     /lib/x86_64-linux-gnu/libnss_compat-2.19.so
7fe0f34a6000-7fe0f36a5000 ---p 00009000 08:03 395637                     /lib/x86_64-linux-gnu/libnss_compat-2.19.so
7fe0f36a5000-7fe0f36a6000 r--p 00008000 08:03 395637                     /lib/x86_64-linux-gnu/libnss_compat-2.19.so
7fe0f36a6000-7fe0f36a7000 rw-p 00009000 08:03 395637                     /lib/x86_64-linux-gnu/libnss_compat-2.19.so
7fe0f36a7000-7fe0f36d0000 r-xp 00000000 08:03 1202828                    /usr/lib/jvm/java-7-oracle-amd64/jre/lib/amd64/libjava.so
7fe0f36d0000-7fe0f38d0000 ---p 00029000 08:03 1202828                    /usr/lib/jvm/java-7-oracle-amd64/jre/lib/amd64/libjava.so
7fe0f38d0000-7fe0f38d2000 rw-p 00029000 08:03 1202828                    /usr/lib/jvm/java-7-oracle-amd64/jre/lib/amd64/libjava.so
7fe0f38d2000-7fe0f38df000 r-xp 00000000 08:03 1202843                    /usr/lib/jvm/java-7-oracle-amd64/jre/lib/amd64/libverify.so
7fe0f38df000-7fe0f3ade000 ---p 0000d000 08:03 1202843                    /usr/lib/jvm/java-7-oracle-amd64/jre/lib/amd64/libverify.so
7fe0f3ade000-7fe0f3ae0000 rw-p 0000c000 08:03 1202843                    /usr/lib/jvm/java-7-oracle-amd64/jre/lib/amd64/libverify.so
7fe0f3ae0000-7fe0f3ae7000 r-xp 00000000 08:03 395647                     /lib/x86_64-linux-gnu/librt-2.19.so
7fe0f3ae7000-7fe0f3ce6000 ---p 00007000 08:03 395647                     /lib/x86_64-linux-gnu/librt-2.19.so
7fe0f3ce6000-7fe0f3ce7000 r--p 00006000 08:03 395647                     /lib/x86_64-linux-gnu/librt-2.19.so
7fe0f3ce7000-7fe0f3ce8000 rw-p 00007000 08:03 395647                     /lib/x86_64-linux-gnu/librt-2.19.so
7fe0f3ce8000-7fe0f3ded000 r-xp 00000000 08:03 395613                     /lib/x86_64-linux-gnu/libm-2.19.so
7fe0f3ded000-7fe0f3fec000 ---p 00105000 08:03 395613                     /lib/x86_64-linux-gnu/libm-2.19.so
7fe0f3fec000-7fe0f3fed000 r--p 00104000 08:03 395613                     /lib/x86_64-linux-gnu/libm-2.19.so
7fe0f3fed000-7fe0f3fee000 rw-p 00105000 08:03 395613                     /lib/x86_64-linux-gnu/libm-2.19.so
7fe0f3fee000-7fe0f4b50000 r-xp 00000000 08:03 1318609                    /usr/lib/jvm/java-7-oracle-amd64/jre/lib/amd64/server/libjvm.so
7fe0f4b50000-7fe0f4d50000 ---p 00b62000 08:03 1318609                    /usr/lib/jvm/java-7-oracle-amd64/jre/lib/amd64/server/libjvm.so
7fe0f4d50000-7fe0f4e13000 rw-p 00b62000 08:03 1318609                    /usr/lib/jvm/java-7-oracle-amd64/jre/lib/amd64/server/libjvm.so
7fe0f4e13000-7fe0f4e54000 rw-p 00000000 00:00 0 
7fe0f4e54000-7fe0f5010000 r-xp 00000000 08:03 395605                     /lib/x86_64-linux-gnu/libc-2.19.so
7fe0f5010000-7fe0f520f000 ---p 001bc000 08:03 395605                     /lib/x86_64-linux-gnu/libc-2.19.so
7fe0f520f000-7fe0f5213000 r--p 001bb000 08:03 395605                     /lib/x86_64-linux-gnu/libc-2.19.so
7fe0f5213000-7fe0f5215000 rw-p 001bf000 08:03 395605                     /lib/x86_64-linux-gnu/libc-2.19.so
7fe0f5215000-7fe0f521a000 rw-p 00000000 00:00 0 
7fe0f521a000-7fe0f521d000 r-xp 00000000 08:03 395640                     /lib/x86_64-linux-gnu/libdl-2.19.so
7fe0f521d000-7fe0f541c000 ---p 00003000 08:03 395640                     /lib/x86_64-linux-gnu/libdl-2.19.so
7fe0f541c000-7fe0f541d000 r--p 00002000 08:03 395640                     /lib/x86_64-linux-gnu/libdl-2.19.so
7fe0f541d000-7fe0f541e000 rw-p 00003000 08:03 395640                     /lib/x86_64-linux-gnu/libdl-2.19.so
7fe0f541e000-7fe0f5434000 r-xp 00000000 08:03 1320669                    /usr/lib/jvm/java-7-oracle-amd64/lib/amd64/jli/libjli.so
7fe0f5434000-7fe0f5634000 ---p 00016000 08:03 1320669                    /usr/lib/jvm/java-7-oracle-amd64/lib/amd64/jli/libjli.so
7fe0f5634000-7fe0f5635000 rw-p 00016000 08:03 1320669                    /usr/lib/jvm/java-7-oracle-amd64/lib/amd64/jli/libjli.so
7fe0f5635000-7fe0f564e000 r-xp 00000000 08:03 395645                     /lib/x86_64-linux-gnu/libpthread-2.19.so
7fe0f564e000-7fe0f584d000 ---p 00019000 08:03 395645                     /lib/x86_64-linux-gnu/libpthread-2.19.so
7fe0f584d000-7fe0f584e000 r--p 00018000 08:03 395645                     /lib/x86_64-linux-gnu/libpthread-2.19.so
7fe0f584e000-7fe0f584f000 rw-p 00019000 08:03 395645                     /lib/x86_64-linux-gnu/libpthread-2.19.so
7fe0f584f000-7fe0f5853000 rw-p 00000000 00:00 0 
7fe0f5853000-7fe0f5876000 r-xp 00000000 08:03 395603                     /lib/x86_64-linux-gnu/ld-2.19.so
7fe0f587e000-7fe0f5882000 r--s 00069000 08:04 5768772                    /home/giovanni/git/ProgettoCV/ProgettoCV/lib/OpenCV/opencv-249.jar
7fe0f5882000-7fe0f5883000 r--s 00005000 08:04 4196224                    /home/giovanni/git/ProgettoCV/ProgettoCV/lib/NiTE/com.primesense.nite.jar
7fe0f5884000-7fe0f588f000 rw-p 00000000 00:00 0 
7fe0f588f000-7fe0f5945000 rw-p 00000000 00:00 0 
7fe0f5945000-7fe0f5948000 ---p 00000000 00:00 0 
7fe0f5948000-7fe0f5a4b000 rw-p 00000000 00:00 0                          [stack:19244]
7fe0f5a4b000-7fe0f5a52000 r--s 00000000 08:03 1215550                    /usr/lib/x86_64-linux-gnu/gconv/gconv-modules.cache
7fe0f5a52000-7fe0f5a54000 r--s 00004000 08:04 4196201                    /home/giovanni/git/ProgettoCV/ProgettoCV/lib/OpenNI/org.openni.jar
7fe0f5a54000-7fe0f5a69000 rw-p 00000000 00:00 0 
7fe0f5a69000-7fe0f5a71000 rw-s 00000000 08:03 1310043                    /tmp/hsperfdata_giovanni/19241
7fe0f5a71000-7fe0f5a72000 rw-p 00000000 00:00 0 
7fe0f5a72000-7fe0f5a73000 ---p 00000000 00:00 0 
7fe0f5a73000-7fe0f5a75000 rw-p 00000000 00:00 0 
7fe0f5a75000-7fe0f5a76000 r--p 00022000 08:03 395603                     /lib/x86_64-linux-gnu/ld-2.19.so
7fe0f5a76000-7fe0f5a77000 rw-p 00023000 08:03 395603                     /lib/x86_64-linux-gnu/ld-2.19.so
7fe0f5a77000-7fe0f5a78000 rw-p 00000000 00:00 0 
7fffe725a000-7fffe727b000 rw-p 00000000 00:00 0                          [stack]
7fffe731b000-7fffe731d000 r-xp 00000000 00:00 0                          [vdso]
ffffffffff600000-ffffffffff601000 r-xp 00000000 00:00 0                  [vsyscall]

VM Arguments:
jvm_args: -Djava.library.path=/home/giovanni/git/ProgettoCV/ProgettoCV/lib/OpenNI:/home/giovanni/git/ProgettoCV/ProgettoCV/lib/NiTE:/home/giovanni/git/ProgettoCV/ProgettoCV/lib/OpenCV -Dfile.encoding=UTF-8 
java_command: it.polito.computervision.controller.Main
Launcher Type: SUN_STANDARD

Environment Variables:
PATH=/usr/local/sbin:/usr/local/bin:/usr/sbin:/usr/bin:/sbin:/bin:/usr/games:/usr/local/games
SHELL=/bin/bash
DISPLAY=:0

Signal Handlers:
SIGSEGV: [libjvm.so+0x9935b0], sa_mask[0]=0x7ffbfeff, sa_flags=0x10000004
SIGBUS: [libjvm.so+0x9935b0], sa_mask[0]=0x7ffbfeff, sa_flags=0x10000004
SIGFPE: [libjvm.so+0x810330], sa_mask[0]=0x7ffbfeff, sa_flags=0x10000004
SIGPIPE: [libjvm.so+0x810330], sa_mask[0]=0x7ffbfeff, sa_flags=0x10000004
SIGXFSZ: [libjvm.so+0x810330], sa_mask[0]=0x7ffbfeff, sa_flags=0x10000004
SIGILL: [libjvm.so+0x810330], sa_mask[0]=0x7ffbfeff, sa_flags=0x10000004
SIGUSR1: SIG_DFL, sa_mask[0]=0x00000000, sa_flags=0x00000000
SIGUSR2: [libjvm.so+0x811820], sa_mask[0]=0x00000004, sa_flags=0x10000004
SIGHUP: [libjvm.so+0x812790], sa_mask[0]=0x7ffbfeff, sa_flags=0x10000004
SIGINT: [libjvm.so+0x812790], sa_mask[0]=0x7ffbfeff, sa_flags=0x10000004
SIGTERM: [libjvm.so+0x812790], sa_mask[0]=0x7ffbfeff, sa_flags=0x10000004
SIGQUIT: [libjvm.so+0x812790], sa_mask[0]=0x7ffbfeff, sa_flags=0x10000004


---------------  S Y S T E M  ---------------

OS:jessie/sid

uname:Linux 3.13.0-27-generic #50-Ubuntu SMP Thu May 15 18:06:16 UTC 2014 x86_64
libc:glibc 2.19 NPTL 2.19 
rlimit: STACK 8192k, CORE 0k, NPROC 30373, NOFILE 4096, AS infinity
load average:1,63 1,58 1,55

/proc/meminfo:
MemTotal:        3931260 kB
MemFree:          276232 kB
Buffers:          137984 kB
Cached:          1477084 kB
SwapCached:        10296 kB
Active:          2380796 kB
Inactive:        1042992 kB
Active(anon):    1645300 kB
Inactive(anon):   415972 kB
Active(file):     735496 kB
Inactive(file):   627020 kB
Unevictable:         160 kB
Mlocked:             160 kB
SwapTotal:       4589564 kB
SwapFree:        4517668 kB
Dirty:               348 kB
Writeback:             0 kB
AnonPages:       1800204 kB
Mapped:           274300 kB
Shmem:            252396 kB
Slab:             125532 kB
SReclaimable:      92768 kB
SUnreclaim:        32764 kB
KernelStack:        4496 kB
PageTables:        32556 kB
NFS_Unstable:          0 kB
Bounce:                0 kB
WritebackTmp:          0 kB
CommitLimit:     6555192 kB
Committed_AS:    5280960 kB
VmallocTotal:   34359738367 kB
VmallocUsed:      403112 kB
VmallocChunk:   34359326716 kB
HardwareCorrupted:     0 kB
AnonHugePages:    581632 kB
HugePages_Total:       0
HugePages_Free:        0
HugePages_Rsvd:        0
HugePages_Surp:        0
Hugepagesize:       2048 kB
DirectMap4k:       98232 kB
DirectMap2M:     3979264 kB


CPU:total 4 (2 cores per cpu, 2 threads per core) family 6 model 58 stepping 9, cmov, cx8, fxsr, mmx, sse, sse2, sse3, ssse3, sse4.1, sse4.2, popcnt, avx, aes, erms, ht, tsc, tscinvbit, tscinv

/proc/cpuinfo:
processor	: 0
vendor_id	: GenuineIntel
cpu family	: 6
model		: 58
model name	: Intel(R) Core(TM) i5-3317U CPU @ 1.70GHz
stepping	: 9
microcode	: 0x15
cpu MHz		: 1701.000
cache size	: 3072 KB
physical id	: 0
siblings	: 4
core id		: 0
cpu cores	: 2
apicid		: 0
initial apicid	: 0
fpu		: yes
fpu_exception	: yes
cpuid level	: 13
wp		: yes
flags		: fpu vme de pse tsc msr pae mce cx8 apic sep mtrr pge mca cmov pat pse36 clflush dts acpi mmx fxsr sse sse2 ss ht tm pbe syscall nx rdtscp lm constant_tsc arch_perfmon pebs bts rep_good nopl xtopology nonstop_tsc aperfmperf eagerfpu pni pclmulqdq dtes64 monitor ds_cpl vmx est tm2 ssse3 cx16 xtpr pdcm pcid sse4_1 sse4_2 x2apic popcnt tsc_deadline_timer aes xsave avx f16c rdrand lahf_lm ida arat epb xsaveopt pln pts dtherm tpr_shadow vnmi flexpriority ept vpid fsgsbase smep erms
bogomips	: 3392.49
clflush size	: 64
cache_alignment	: 64
address sizes	: 36 bits physical, 48 bits virtual
power management:

processor	: 1
vendor_id	: GenuineIntel
cpu family	: 6
model		: 58
model name	: Intel(R) Core(TM) i5-3317U CPU @ 1.70GHz
stepping	: 9
microcode	: 0x15
cpu MHz		: 1701.000
cache size	: 3072 KB
physical id	: 0
siblings	: 4
core id		: 1
cpu cores	: 2
apicid		: 2
initial apicid	: 2
fpu		: yes
fpu_exception	: yes
cpuid level	: 13
wp		: yes
flags		: fpu vme de pse tsc msr pae mce cx8 apic sep mtrr pge mca cmov pat pse36 clflush dts acpi mmx fxsr sse sse2 ss ht tm pbe syscall nx rdtscp lm constant_tsc arch_perfmon pebs bts rep_good nopl xtopology nonstop_tsc aperfmperf eagerfpu pni pclmulqdq dtes64 monitor ds_cpl vmx est tm2 ssse3 cx16 xtpr pdcm pcid sse4_1 sse4_2 x2apic popcnt tsc_deadline_timer aes xsave avx f16c rdrand lahf_lm ida arat epb xsaveopt pln pts dtherm tpr_shadow vnmi flexpriority ept vpid fsgsbase smep erms
bogomips	: 3392.49
clflush size	: 64
cache_alignment	: 64
address sizes	: 36 bits physical, 48 bits virtual
power management:

processor	: 2
vendor_id	: GenuineIntel
cpu family	: 6
model		: 58
model name	: Intel(R) Core(TM) i5-3317U CPU @ 1.70GHz
stepping	: 9
microcode	: 0x15
cpu MHz		: 1701.000
cache size	: 3072 KB
physical id	: 0
siblings	: 4
core id		: 0
cpu cores	: 2
apicid		: 1
initial apicid	: 1
fpu		: yes
fpu_exception	: yes
cpuid level	: 13
wp		: yes
flags		: fpu vme de pse tsc msr pae mce cx8 apic sep mtrr pge mca cmov pat pse36 clflush dts acpi mmx fxsr sse sse2 ss ht tm pbe syscall nx rdtscp lm constant_tsc arch_perfmon pebs bts rep_good nopl xtopology nonstop_tsc aperfmperf eagerfpu pni pclmulqdq dtes64 monitor ds_cpl vmx est tm2 ssse3 cx16 xtpr pdcm pcid sse4_1 sse4_2 x2apic popcnt tsc_deadline_timer aes xsave avx f16c rdrand lahf_lm ida arat epb xsaveopt pln pts dtherm tpr_shadow vnmi flexpriority ept vpid fsgsbase smep erms
bogomips	: 3392.49
clflush size	: 64
cache_alignment	: 64
address sizes	: 36 bits physical, 48 bits virtual
power management:

processor	: 3
vendor_id	: GenuineIntel
cpu family	: 6
model		: 58
model name	: Intel(R) Core(TM) i5-3317U CPU @ 1.70GHz
stepping	: 9
microcode	: 0x15
cpu MHz		: 1701.000
cache size	: 3072 KB
physical id	: 0
siblings	: 4
core id		: 1
cpu cores	: 2
apicid		: 3
initial apicid	: 3
fpu		: yes
fpu_exception	: yes
cpuid level	: 13
wp		: yes
flags		: fpu vme de pse tsc msr pae mce cx8 apic sep mtrr pge mca cmov pat pse36 clflush dts acpi mmx fxsr sse sse2 ss ht tm pbe syscall nx rdtscp lm constant_tsc arch_perfmon pebs bts rep_good nopl xtopology nonstop_tsc aperfmperf eagerfpu pni pclmulqdq dtes64 monitor ds_cpl vmx est tm2 ssse3 cx16 xtpr pdcm pcid sse4_1 sse4_2 x2apic popcnt tsc_deadline_timer aes xsave avx f16c rdrand lahf_lm ida arat epb xsaveopt pln pts dtherm tpr_shadow vnmi flexpriority ept vpid fsgsbase smep erms
bogomips	: 3392.49
clflush size	: 64
cache_alignment	: 64
address sizes	: 36 bits physical, 48 bits virtual
power management:



Memory: 4k page, physical 3931260k(276232k free), swap 4589564k(4517668k free)

vm_info: Java HotSpot(TM) 64-Bit Server VM (24.45-b08) for linux-amd64 JRE (1.7.0_45-b18), built on Oct  8 2013 05:44:25 by "java_re" with gcc 4.3.0 20080428 (Red Hat 4.3.0-8)

time: Fri May 30 15:00:33 2014
elapsed time: 4 seconds

